#
# There is insufficient memory for the Java Runtime Environment to continue.
# Native memory allocation (mmap) failed to map 544735232 bytes for committing reserved memory.
# Possible reasons:
#   The system is out of physical RAM or swap space
#   In 32 bit mode, the process size limit was hit
# Possible solutions:
#   Reduce memory load on the system
#   Increase physical memory or swap space
#   Check if swap backing store is full
#   Use 64 bit Java on a 64 bit OS
#   Decrease Java heap size (-Xmx/-Xms)
#   Decrease number of Java threads
#   Decrease Java thread stack sizes (-Xss)
#   Set larger code cache with -XX:ReservedCodeCacheSize=
# This output file may be truncated or incomplete.
#
#  Out of Memory Error (os_linux.cpp:2627), pid=13047, tid=140667504633600
#
# JRE version: Java(TM) SE Runtime Environment (8.0_71-b15) (build 1.8.0_71-b15)
# Java VM: Java HotSpot(TM) 64-Bit Server VM (25.71-b15 mixed mode linux-amd64 compressed oops)
# Failed to write core dump. Core dumps have been disabled. To enable core dumping, try "ulimit -c unlimited" before starting Java again
#

---------------  T H R E A D  ---------------

Current thread (0x00007fefc8079800):  VMThread [stack: 0x00007fefb4953000,0x00007fefb4a53000] [id=13059]

Stack: [0x00007fefb4953000,0x00007fefb4a53000],  sp=0x00007fefb4a511c0,  free space=1016k
Native frames: (J=compiled Java code, j=interpreted, Vv=VM code, C=native code)
V  [libjvm.so+0xaba71a]  VMError::report_and_die()+0x2ba
V  [libjvm.so+0x4f9ecb]  report_vm_out_of_memory(char const*, int, unsigned long, VMErrorType, char const*)+0x8b
V  [libjvm.so+0x91b553]  os::Linux::commit_memory_impl(char*, unsigned long, bool)+0x103
V  [libjvm.so+0x91baa9]  os::pd_commit_memory(char*, unsigned long, unsigned long, bool)+0x29
V  [libjvm.so+0x915dba]  os::commit_memory(char*, unsigned long, unsigned long, bool)+0x2a
V  [libjvm.so+0x989463]  PSVirtualSpace::expand_by(unsigned long)+0x53
V  [libjvm.so+0x979d50]  PSOldGen::expand(unsigned long)+0x170
V  [libjvm.so+0x979f5b]  PSOldGen::resize(unsigned long)+0x1cb
V  [libjvm.so+0x981c31]  PSParallelCompact::invoke_no_policy(bool)+0x991
V  [libjvm.so+0x98758d]  PSScavenge::invoke()+0x1ad
V  [libjvm.so+0x93f1b0]  ParallelScavengeHeap::failed_mem_allocate(unsigned long)+0x70
V  [libjvm.so+0xabc137]  VM_ParallelGCFailedAllocation::doit()+0x97
V  [libjvm.so+0xac3b65]  VM_Operation::evaluate()+0x55
V  [libjvm.so+0xac1f3a]  VMThread::evaluate_operation(VM_Operation*)+0xba
V  [libjvm.so+0xac22be]  VMThread::loop()+0x1ce
V  [libjvm.so+0xac2730]  VMThread::run()+0x70
V  [libjvm.so+0x91d918]  java_start(Thread*)+0x108

VM_Operation (0x00007fefce785dc0): ParallelGCFailedAllocation, mode: safepoint, requested by thread 0x00007fefc800b000


---------------  P R O C E S S  ---------------

Java Threads: ( => current thread )
  0x00007fefc8139000 JavaThread "Monitor Ctrl-Break" daemon [_thread_in_native, id=13077, stack(0x00007fefb4010000,0x00007fefb4111000)]
  0x00007fefc80c1000 JavaThread "Service Thread" daemon [_thread_blocked, id=13075, stack(0x00007fefb424b000,0x00007fefb434c000)]
  0x00007fefc80be000 JavaThread "C1 CompilerThread2" daemon [_thread_blocked, id=13073, stack(0x00007fefb434d000,0x00007fefb444d000)]
  0x00007fefc80bc800 JavaThread "C2 CompilerThread1" daemon [_thread_blocked, id=13071, stack(0x00007fefb444e000,0x00007fefb454e000)]
  0x00007fefc80ba000 JavaThread "C2 CompilerThread0" daemon [_thread_blocked, id=13070, stack(0x00007fefb454f000,0x00007fefb464f000)]
  0x00007fefc80b6000 JavaThread "Signal Dispatcher" daemon [_thread_blocked, id=13069, stack(0x00007fefb464f000,0x00007fefb4750000)]
  0x00007fefc8080800 JavaThread "Finalizer" daemon [_thread_blocked, id=13061, stack(0x00007fefb4750000,0x00007fefb4851000)]
  0x00007fefc807e800 JavaThread "Reference Handler" daemon [_thread_blocked, id=13060, stack(0x00007fefb4851000,0x00007fefb4952000)]
  0x00007fefc800b000 JavaThread "main" [_thread_blocked, id=13048, stack(0x00007fefce688000,0x00007fefce788000)]

Other Threads:
=>0x00007fefc8079800 VMThread [stack: 0x00007fefb4953000,0x00007fefb4a53000] [id=13059]
  0x00007fefc80c4000 WatcherThread [stack: 0x00007fefb414b000,0x00007fefb424b000] [id=13076]

VM state:at safepoint (normal execution)

VM Mutex/Monitor currently owned by a thread:  ([mutex/lock_event])
[0x00007fefc80074a0] ExpandHeap_lock - owner thread: 0x00007fefc8079800
[0x00007fefc8007b20] Threads_lock - owner thread: 0x00007fefc8079800
[0x00007fefc8008020] Heap_lock - owner thread: 0x00007fefc800b000

Heap:
 PSYoungGen      total 595968K, used 266573K [0x0000000755580000, 0x000000079ad80000, 0x00000007c0000000)
  eden space 122368K, 0% used [0x0000000755580000,0x0000000755580000,0x000000075cd00000)
  from space 473600K, 56% used [0x000000075cd00000,0x000000076d153520,0x0000000779b80000)
  to   space 483840K, 0% used [0x000000077d500000,0x000000077d500000,0x000000079ad80000)
 ParOldGen       total 976896K, used 976883K [0x0000000680000000, 0x00000006bba00000, 0x0000000755580000)
  object space 976896K, 99% used [0x0000000680000000,0x00000006bb9fcf98,0x00000006bba00000)
 Metaspace       used 4734K, capacity 5228K, committed 5504K, reserved 1056768K
  class space    used 489K, capacity 530K, committed 640K, reserved 1048576K

Card table byte_map: [0x00007fefb77e2000,0x00007fefb81e3000] byte_map_base: 0x00007fefb43e2000

Marking Bits: (ParMarkBitMap*) 0x00007fefcdb29fc0
 Begin Bits: [0x00007fef96000000, 0x00007fef9b000000)
 End Bits:   [0x00007fef9b000000, 0x00007fefa0000000)

Polling page: 0x00007fefce7a3000

CodeCache: size=245760Kb used=3960Kb max_used=3978Kb free=241799Kb
 bounds [0x00007fefb85a3000, 0x00007fefb8993000, 0x00007fefc75a3000]
 total_blobs=1101 nmethods=848 adapters=167
 compilation: enabled

Compilation events (10 events):
Event: 9.153 Thread 0x00007fefc80bc800  846       4       java.nio.HeapByteBuffer::compact (52 bytes)
Event: 9.155 Thread 0x00007fefc80bc800 nmethod 846 0x00007fefb8958290 code [0x00007fefb8958400, 0x00007fefb8958618]
Event: 9.189 Thread 0x00007fefc80ba000  847   !   4       java.nio.charset.CharsetDecoder::decode (287 bytes)
Event: 9.191 Thread 0x00007fefc80ba000 nmethod 847 0x00007fefb896c7d0 code [0x00007fefb896c960, 0x00007fefb896cb88]
Event: 10.219 Thread 0x00007fefc80bc800  848       4       sun.nio.cs.StreamDecoder::implRead (243 bytes)
Event: 10.219 Thread 0x00007fefc80ba000  849   !   4       sun.nio.cs.StreamDecoder::readBytes (289 bytes)
Event: 10.225 Thread 0x00007fefc80ba000 nmethod 849 0x00007fefb896ba10 code [0x00007fefb896bbe0, 0x00007fefb896c158]
Event: 10.232 Thread 0x00007fefc80bc800 nmethod 848 0x00007fefb897c9d0 code [0x00007fefb897cc40, 0x00007fefb897d930]
Event: 10.697 Thread 0x00007fefc80ba000  850   !   4       sun.nio.cs.StreamDecoder::read (196 bytes)
Event: 10.699 Thread 0x00007fefc80ba000 nmethod 850 0x00007fefb8973310 code [0x00007fefb8973480, 0x00007fefb89739e8]

GC Heap History (10 events):
Event: 9.483 GC heap after
Heap after GC invocations=12 (full 3):
 PSYoungGen      total 456192K, used 215358K [0x0000000755580000, 0x0000000786a80000, 0x00000007c0000000)
  eden space 177664K, 0% used [0x0000000755580000,0x0000000755580000,0x0000000760300000)
  from space 278528K, 77% used [0x0000000760300000,0x000000076d54fb58,0x0000000771300000)
  to   space 299008K, 0% used [0x0000000774680000,0x0000000774680000,0x0000000786a80000)
 ParOldGen       total 976896K, used 608796K [0x0000000680000000, 0x00000006bba00000, 0x0000000755580000)
  object space 976896K, 62% used [0x0000000680000000,0x00000006a52871b0,0x00000006bba00000)
 Metaspace       used 4734K, capacity 5228K, committed 5504K, reserved 1056768K
  class space    used 489K, capacity 530K, committed 640K, reserved 1048576K
}
Event: 9.580 GC heap before
{Heap before GC invocations=13 (full 3):
 PSYoungGen      total 456192K, used 393022K [0x0000000755580000, 0x0000000786a80000, 0x00000007c0000000)
  eden space 177664K, 100% used [0x0000000755580000,0x0000000760300000,0x0000000760300000)
  from space 278528K, 77% used [0x0000000760300000,0x000000076d54fb58,0x0000000771300000)
  to   space 299008K, 0% used [0x0000000774680000,0x0000000774680000,0x0000000786a80000)
 ParOldGen       total 976896K, used 608796K [0x0000000680000000, 0x00000006bba00000, 0x0000000755580000)
  object space 976896K, 62% used [0x0000000680000000,0x00000006a52871b0,0x00000006bba00000)
 Metaspace       used 4734K, capacity 5228K, committed 5504K, reserved 1056768K
  class space    used 489K, capacity 530K, committed 640K, reserved 1048576K
Event: 9.831 GC heap after
Heap after GC invocations=13 (full 3):
 PSYoungGen      total 448512K, used 299006K [0x0000000755580000, 0x000000078e980000, 0x00000007c0000000)
  eden space 149504K, 0% used [0x0000000755580000,0x0000000755580000,0x000000075e780000)
  from space 299008K, 99% used [0x0000000774680000,0x0000000786a7f8f8,0x0000000786a80000)
  to   space 359424K, 0% used [0x000000075e780000,0x000000075e780000,0x0000000774680000)
 ParOldGen       total 976896K, used 649956K [0x0000000680000000, 0x00000006bba00000, 0x0000000755580000)
  object space 976896K, 66% used [0x0000000680000000,0x00000006a7ab91b0,0x00000006bba00000)
 Metaspace       used 4734K, capacity 5228K, committed 5504K, reserved 1056768K
  class space    used 489K, capacity 530K, committed 640K, reserved 1048576K
}
Event: 9.901 GC heap before
{Heap before GC invocations=14 (full 3):
 PSYoungGen      total 448512K, used 448510K [0x0000000755580000, 0x000000078e980000, 0x00000007c0000000)
  eden space 149504K, 100% used [0x0000000755580000,0x000000075e780000,0x000000075e780000)
  from space 299008K, 99% used [0x0000000774680000,0x0000000786a7f8f8,0x0000000786a80000)
  to   space 359424K, 0% used [0x000000075e780000,0x000000075e780000,0x0000000774680000)
 ParOldGen       total 976896K, used 649956K [0x0000000680000000, 0x00000006bba00000, 0x0000000755580000)
  object space 976896K, 66% used [0x0000000680000000,0x00000006a7ab91b0,0x00000006bba00000)
 Metaspace       used 4734K, capacity 5228K, committed 5504K, reserved 1056768K
  class space    used 489K, capacity 530K, committed 640K, reserved 1048576K
Event: 10.188 GC heap after
Heap after GC invocations=14 (full 3):
 PSYoungGen      total 508928K, used 322206K [0x0000000755580000, 0x0000000792400000, 0x00000007c0000000)
  eden space 149504K, 0% used [0x0000000755580000,0x0000000755580000,0x000000075e780000)
  from space 359424K, 89% used [0x000000075e780000,0x00000007722278f8,0x0000000774680000)
  to   space 401920K, 0% used [0x0000000779b80000,0x0000000779b80000,0x0000000792400000)
 ParOldGen       total 976896K, used 732324K [0x0000000680000000, 0x00000006bba00000, 0x0000000755580000)
  object space 976896K, 74% used [0x0000000680000000,0x00000006acb291d0,0x00000006bba00000)
 Metaspace       used 4734K, capacity 5228K, committed 5504K, reserved 1056768K
  class space    used 489K, capacity 530K, committed 640K, reserved 1048576K
}
Event: 10.259 GC heap before
{Heap before GC invocations=15 (full 3):
 PSYoungGen      total 508928K, used 471710K [0x0000000755580000, 0x0000000792400000, 0x00000007c0000000)
  eden space 149504K, 100% used [0x0000000755580000,0x000000075e780000,0x000000075e780000)
  from space 359424K, 89% used [0x000000075e780000,0x00000007722278f8,0x0000000774680000)
  to   space 401920K, 0% used [0x0000000779b80000,0x0000000779b80000,0x0000000792400000)
 ParOldGen       total 976896K, used 732324K [0x0000000680000000, 0x00000006bba00000, 0x0000000755580000)
  object space 976896K, 74% used [0x0000000680000000,0x00000006acb291d0,0x00000006bba00000)
 Metaspace       used 4734K, capacity 5228K, committed 5504K, reserved 1056768K
  class space    used 489K, capacity 530K, committed 640K, reserved 1048576K
Event: 10.658 GC heap after
Heap after GC invocations=15 (full 3):
 PSYoungGen      total 524288K, used 401917K [0x0000000755580000, 0x000000079b780000, 0x00000007c0000000)
  eden space 122368K, 0% used [0x0000000755580000,0x0000000755580000,0x000000075cd00000)
  from space 401920K, 99% used [0x0000000779b80000,0x00000007923ff568,0x0000000792400000)
  to   space 473600K, 0% used [0x000000075cd00000,0x000000075cd00000,0x0000000779b80000)
 ParOldGen       total 976896K, used 757228K [0x0000000680000000, 0x00000006bba00000, 0x0000000755580000)
  object space 976896K, 77% used [0x0000000680000000,0x00000006ae37b1d0,0x00000006bba00000)
 Metaspace       used 4734K, capacity 5228K, committed 5504K, reserved 1056768K
  class space    used 489K, capacity 530K, committed 640K, reserved 1048576K
}
Event: 10.724 GC heap before
{Heap before GC invocations=16 (full 3):
 PSYoungGen      total 524288K, used 524285K [0x0000000755580000, 0x000000079b780000, 0x00000007c0000000)
  eden space 122368K, 100% used [0x0000000755580000,0x000000075cd00000,0x000000075cd00000)
  from space 401920K, 99% used [0x0000000779b80000,0x00000007923ff568,0x0000000792400000)
  to   space 473600K, 0% used [0x000000075cd00000,0x000000075cd00000,0x0000000779b80000)
 ParOldGen       total 976896K, used 757228K [0x0000000680000000, 0x00000006bba00000, 0x0000000755580000)
  object space 976896K, 77% used [0x0000000680000000,0x00000006ae37b1d0,0x00000006bba00000)
 Metaspace       used 4734K, capacity 5228K, committed 5504K, reserved 1056768K
  class space    used 489K, capacity 530K, committed 640K, reserved 1048576K
Event: 11.220 GC heap after
Heap after GC invocations=16 (full 3):
 PSYoungGen      total 595968K, used 298173K [0x0000000755580000, 0x000000079ad80000, 0x00000007c0000000)
  eden space 122368K, 0% used [0x0000000755580000,0x0000000755580000,0x000000075cd00000)
  from space 473600K, 62% used [0x000000075cd00000,0x000000076f02f568,0x0000000779b80000)
  to   space 483840K, 0% used [0x000000077d500000,0x000000077d500000,0x000000079ad80000)
 ParOldGen       total 976896K, used 947788K [0x0000000680000000, 0x00000006bba00000, 0x0000000755580000)
  object space 976896K, 97% used [0x0000000680000000,0x00000006b9d931d0,0x00000006bba00000)
 Metaspace       used 4734K, capacity 5228K, committed 5504K, reserved 1056768K
  class space    used 489K, capacity 530K, committed 640K, reserved 1048576K
}
Event: 11.220 GC heap before
{Heap before GC invocations=17 (full 4):
 PSYoungGen      total 595968K, used 298173K [0x0000000755580000, 0x000000079ad80000, 0x00000007c0000000)
  eden space 122368K, 0% used [0x0000000755580000,0x0000000755580000,0x000000075cd00000)
  from space 473600K, 62% used [0x000000075cd00000,0x000000076f02f568,0x0000000779b80000)
  to   space 483840K, 0% used [0x000000077d500000,0x000000077d500000,0x000000079ad80000)
 ParOldGen       total 976896K, used 947788K [0x0000000680000000, 0x00000006bba00000, 0x0000000755580000)
  object space 976896K, 97% used [0x0000000680000000,0x00000006b9d931d0,0x00000006bba00000)
 Metaspace       used 4734K, capacity 5228K, committed 5504K, reserved 1056768K
  class space    used 489K, capacity 530K, committed 640K, reserved 1048576K

Deoptimization events (10 events):
Event: 5.452 Thread 0x00007fefc800b000 Uncommon trap: reason=bimorphic action=maybe_recompile pc=0x00007fefb886a9a0 method=java.util.HashMap.putVal(ILjava/lang/Object;Ljava/lang/Object;ZZ)Ljava/lang/Object; @ 91
Event: 5.505 Thread 0x00007fefc800b000 Uncommon trap: reason=class_check action=maybe_recompile pc=0x00007fefb88f1784 method=java.util.HashMap.putVal(ILjava/lang/Object;Ljava/lang/Object;ZZ)Ljava/lang/Object; @ 203
Event: 5.573 Thread 0x00007fefc800b000 Uncommon trap: reason=class_check action=maybe_recompile pc=0x00007fefb88f1784 method=java.util.HashMap.putVal(ILjava/lang/Object;Ljava/lang/Object;ZZ)Ljava/lang/Object; @ 203
Event: 5.580 Thread 0x00007fefc800b000 Uncommon trap: reason=null_check action=make_not_entrant pc=0x00007fefb88fa6d0 method=com.google.gson.internal.Excluder.isAnonymousOrLocal(Ljava/lang/Class;)Z @ 3
Event: 5.627 Thread 0x00007fefc800b000 Uncommon trap: reason=class_check action=maybe_recompile pc=0x00007fefb880b890 method=com.google.gson.JsonArray.get(I)Lcom/google/gson/JsonElement; @ 10
Event: 5.627 Thread 0x00007fefc800b000 Uncommon trap: reason=class_check action=maybe_recompile pc=0x00007fefb880b890 method=com.google.gson.JsonArray.get(I)Lcom/google/gson/JsonElement; @ 10
Event: 5.627 Thread 0x00007fefc800b000 Uncommon trap: reason=class_check action=maybe_recompile pc=0x00007fefb880b890 method=com.google.gson.JsonArray.get(I)Lcom/google/gson/JsonElement; @ 10
Event: 5.628 Thread 0x00007fefc800b000 Uncommon trap: reason=class_check action=maybe_recompile pc=0x00007fefb880b890 method=com.google.gson.JsonArray.get(I)Lcom/google/gson/JsonElement; @ 10
Event: 5.722 Thread 0x00007fefc800b000 Uncommon trap: reason=unstable_if action=reinterpret pc=0x00007fefb882654c method=com.google.gson.JsonPrimitive.getAsString()Ljava/lang/String; @ 4
Event: 5.722 Thread 0x00007fefc800b000 Uncommon trap: reason=unstable_if action=reinterpret pc=0x00007fefb87b03bc method=java.nio.charset.CharsetDecoder.decode(Ljava/nio/ByteBuffer;Ljava/nio/CharBuffer;Z)Ljava/nio/charset/CoderResult; @ 15

Internal exceptions (10 events):
Event: 5.690 Thread 0x00007fefc800b000 Exception <a 'java/lang/ClassCastException'> (0x000000075caa0030) thrown at [/HUDSON/workspace/8-2-build-linux-amd64/jdk8u71/5731/hotspot/src/share/vm/runtime/sharedRuntime.cpp, line 605]
Event: 5.690 Thread 0x00007fefc800b000 Exception <a 'java/lang/ClassCastException'> (0x000000075caac690) thrown at [/HUDSON/workspace/8-2-build-linux-amd64/jdk8u71/5731/hotspot/src/share/vm/runtime/sharedRuntime.cpp, line 605]
Event: 5.691 Thread 0x00007fefc800b000 Exception <a 'java/lang/ClassCastException'> (0x000000075cac3c30) thrown at [/HUDSON/workspace/8-2-build-linux-amd64/jdk8u71/5731/hotspot/src/share/vm/runtime/sharedRuntime.cpp, line 605]
Event: 5.692 Thread 0x00007fefc800b000 Exception <a 'java/lang/ClassCastException'> (0x000000075caf5468) thrown at [/HUDSON/workspace/8-2-build-linux-amd64/jdk8u71/5731/hotspot/src/share/vm/runtime/sharedRuntime.cpp, line 605]
Event: 5.692 Thread 0x00007fefc800b000 Exception <a 'java/lang/ClassCastException'> (0x000000075cb0b300) thrown at [/HUDSON/workspace/8-2-build-linux-amd64/jdk8u71/5731/hotspot/src/share/vm/runtime/sharedRuntime.cpp, line 605]
Event: 5.692 Thread 0x00007fefc800b000 Exception <a 'java/lang/ClassCastException'> (0x000000075cb0bc68) thrown at [/HUDSON/workspace/8-2-build-linux-amd64/jdk8u71/5731/hotspot/src/share/vm/runtime/sharedRuntime.cpp, line 605]
Event: 5.692 Thread 0x00007fefc800b000 Exception <a 'java/lang/ClassCastException'> (0x000000075cb0c008) thrown at [/HUDSON/workspace/8-2-build-linux-amd64/jdk8u71/5731/hotspot/src/share/vm/runtime/sharedRuntime.cpp, line 605]
Event: 5.692 Thread 0x00007fefc800b000 Exception <a 'java/lang/ClassCastException'> (0x000000075cb172b8) thrown at [/HUDSON/workspace/8-2-build-linux-amd64/jdk8u71/5731/hotspot/src/share/vm/runtime/sharedRuntime.cpp, line 605]
Event: 5.692 Thread 0x00007fefc800b000 Exception <a 'java/lang/ClassCastException'> (0x000000075cb177b8) thrown at [/HUDSON/workspace/8-2-build-linux-amd64/jdk8u71/5731/hotspot/src/share/vm/runtime/sharedRuntime.cpp, line 605]
Event: 5.693 Thread 0x00007fefc800b000 Exception <a 'java/lang/ClassCastException'> (0x000000075cb2ab78) thrown at [/HUDSON/workspace/8-2-build-linux-amd64/jdk8u71/5731/hotspot/src/share/vm/runtime/sharedRuntime.cpp, line 605]

Events (10 events):
Event: 9.099 Executing VM operation: ParallelGCFailedAllocation done
Event: 9.196 Executing VM operation: ParallelGCFailedAllocation
Event: 9.483 Executing VM operation: ParallelGCFailedAllocation done
Event: 9.580 Executing VM operation: ParallelGCFailedAllocation
Event: 9.831 Executing VM operation: ParallelGCFailedAllocation done
Event: 9.901 Executing VM operation: ParallelGCFailedAllocation
Event: 10.188 Executing VM operation: ParallelGCFailedAllocation done
Event: 10.259 Executing VM operation: ParallelGCFailedAllocation
Event: 10.658 Executing VM operation: ParallelGCFailedAllocation done
Event: 10.723 Executing VM operation: ParallelGCFailedAllocation


Dynamic libraries:
00400000-00401000 r-xp 00000000 08:02 21366759                           /home/paras.mal/Documents/jdk1.8.0_11/bin/java
00600000-00601000 rw-p 00000000 08:02 21366759                           /home/paras.mal/Documents/jdk1.8.0_11/bin/java
01b48000-01b69000 rw-p 00000000 00:00 0                                  [heap]
680000000-6bba00000 rw-p 00000000 00:00 0 
6dc180000-755580000 ---p 00000000 00:00 0 
755580000-79ad80000 rw-p 00000000 00:00 0 
79ad80000-7c0000000 ---p 00000000 00:00 0 
7c0000000-7c00a0000 rw-p 00000000 00:00 0 
7c00a0000-800000000 ---p 00000000 00:00 0 
7fef70000000-7fef70021000 rw-p 00000000 00:00 0 
7fef70021000-7fef74000000 ---p 00000000 00:00 0 
7fef74000000-7fef74021000 rw-p 00000000 00:00 0 
7fef74021000-7fef78000000 ---p 00000000 00:00 0 
7fef78000000-7fef78378000 rw-p 00000000 00:00 0 
7fef78378000-7fef7c000000 ---p 00000000 00:00 0 
7fef7c000000-7fef7c021000 rw-p 00000000 00:00 0 
7fef7c021000-7fef80000000 ---p 00000000 00:00 0 
7fef80000000-7fef80a35000 rw-p 00000000 00:00 0 
7fef80a35000-7fef84000000 ---p 00000000 00:00 0 
7fef84000000-7fef85be5000 rw-p 00000000 00:00 0 
7fef85be5000-7fef88000000 ---p 00000000 00:00 0 
7fef88000000-7fef88021000 rw-p 00000000 00:00 0 
7fef88021000-7fef8c000000 ---p 00000000 00:00 0 
7fef8c000000-7fef8c021000 rw-p 00000000 00:00 0 
7fef8c021000-7fef90000000 ---p 00000000 00:00 0 
7fef90000000-7fef90021000 rw-p 00000000 00:00 0 
7fef90021000-7fef94000000 ---p 00000000 00:00 0 
7fef951e7000-7fef95218000 rw-p 00000000 00:00 0 
7fef95218000-7fef9522e000 r-xp 00000000 08:02 21365118                   /home/paras.mal/Documents/jdk1.8.0_11/jre/lib/amd64/libnet.so
7fef9522e000-7fef9542e000 ---p 00016000 08:02 21365118                   /home/paras.mal/Documents/jdk1.8.0_11/jre/lib/amd64/libnet.so
7fef9542e000-7fef9542f000 rw-p 00016000 08:02 21365118                   /home/paras.mal/Documents/jdk1.8.0_11/jre/lib/amd64/libnet.so
7fef9542f000-7fef95430000 r-xp 00000000 08:02 23866522                   /home/paras.mal/Downloads/ideaIU-14.1.7/idea-IU-141.3058.30/bin/libbreakgen64.so
7fef95430000-7fef9562f000 ---p 00001000 08:02 23866522                   /home/paras.mal/Downloads/ideaIU-14.1.7/idea-IU-141.3058.30/bin/libbreakgen64.so
7fef9562f000-7fef95630000 r--p 00000000 08:02 23866522                   /home/paras.mal/Downloads/ideaIU-14.1.7/idea-IU-141.3058.30/bin/libbreakgen64.so
7fef95630000-7fef95631000 rw-p 00001000 08:02 23866522                   /home/paras.mal/Downloads/ideaIU-14.1.7/idea-IU-141.3058.30/bin/libbreakgen64.so
7fef95631000-7fef96000000 r--p 00000000 08:02 16521838                   /usr/lib/locale/locale-archive
7fef96000000-7fefa0000000 rw-p 00000000 00:00 0 
7fefa0000000-7fefa0047000 rw-p 00000000 00:00 0 
7fefa0047000-7fefa4000000 ---p 00000000 00:00 0 
7fefa4000000-7fefa428e000 rw-p 00000000 00:00 0 
7fefa428e000-7fefa8000000 ---p 00000000 00:00 0 
7fefa8000000-7fefa8021000 rw-p 00000000 00:00 0 
7fefa8021000-7fefac000000 ---p 00000000 00:00 0 
7fefac000000-7fefac021000 rw-p 00000000 00:00 0 
7fefac021000-7fefb0000000 ---p 00000000 00:00 0 
7fefb0000000-7fefb0021000 rw-p 00000000 00:00 0 
7fefb0021000-7fefb4000000 ---p 00000000 00:00 0 
7fefb4010000-7fefb4013000 ---p 00000000 00:00 0 
7fefb4013000-7fefb4111000 rw-p 00000000 00:00 0 
7fefb4111000-7fefb4116000 r--s 00034000 08:02 27528824                   /home/paras.mal/.m2/repository/com/google/code/gson/gson/2.7/gson-2.7.jar
7fefb4116000-7fefb411c000 r--s 002f8000 08:02 21364967                   /home/paras.mal/Documents/jdk1.8.0_11/jre/lib/charsets.jar
7fefb411c000-7fefb412f000 r--s 000d6000 08:02 21364947                   /home/paras.mal/Documents/jdk1.8.0_11/jre/lib/plugin.jar
7fefb412f000-7fefb414a000 r--s 00207000 08:02 21364994                   /home/paras.mal/Documents/jdk1.8.0_11/jre/lib/deploy.jar
7fefb414a000-7fefb414b000 ---p 00000000 00:00 0 
7fefb414b000-7fefb424b000 rw-p 00000000 00:00 0 
7fefb424b000-7fefb424e000 ---p 00000000 00:00 0 
7fefb424e000-7fefb434c000 rw-p 00000000 00:00 0 
7fefb434c000-7fefb434d000 ---p 00000000 00:00 0 
7fefb434d000-7fefb4350000 ---p 00000000 00:00 0 
7fefb4350000-7fefb444d000 rw-p 00000000 00:00 0 
7fefb444d000-7fefb444e000 ---p 00000000 00:00 0 
7fefb444e000-7fefb4451000 ---p 00000000 00:00 0 
7fefb4451000-7fefb454e000 rw-p 00000000 00:00 0 
7fefb454e000-7fefb454f000 ---p 00000000 00:00 0 
7fefb454f000-7fefb4552000 ---p 00000000 00:00 0 
7fefb4552000-7fefb464f000 rw-p 00000000 00:00 0 
7fefb464f000-7fefb4652000 ---p 00000000 00:00 0 
7fefb4652000-7fefb4750000 rw-p 00000000 00:00 0 
7fefb4750000-7fefb4753000 ---p 00000000 00:00 0 
7fefb4753000-7fefb4851000 rw-p 00000000 00:00 0 
7fefb4851000-7fefb4854000 ---p 00000000 00:00 0 
7fefb4854000-7fefb4952000 rw-p 00000000 00:00 0 
7fefb4952000-7fefb4953000 ---p 00000000 00:00 0 
7fefb4953000-7fefb59e6000 rw-p 00000000 00:00 0 
7fefb59e6000-7fefb5bbe000 r--s 03d23000 08:02 21365092                   /home/paras.mal/Documents/jdk1.8.0_11/jre/lib/rt.jar
7fefb5bbe000-7fefb60f4000 rw-p 00000000 00:00 0 
7fefb60f4000-7fefb6434000 ---p 00000000 00:00 0 
7fefb6434000-7fefb6e34000 rw-p 00000000 00:00 0 
7fefb6e34000-7fefb6e35000 ---p 00000000 00:00 0 
7fefb6e35000-7fefb6f35000 rw-p 00000000 00:00 0 
7fefb6f35000-7fefb6f36000 ---p 00000000 00:00 0 
7fefb6f36000-7fefb7036000 rw-p 00000000 00:00 0 
7fefb7036000-7fefb7037000 ---p 00000000 00:00 0 
7fefb7037000-7fefb7314000 rw-p 00000000 00:00 0 
7fefb7314000-7fefb77e2000 ---p 00000000 00:00 0 
7fefb77e2000-7fefb79bf000 rw-p 00000000 00:00 0 
7fefb79bf000-7fefb7e8c000 ---p 00000000 00:00 0 
7fefb7e8c000-7fefb80b9000 rw-p 00000000 00:00 0 
7fefb80b9000-7fefb81e2000 ---p 00000000 00:00 0 
7fefb81e2000-7fefb81f3000 rw-p 00000000 00:00 0 
7fefb81f3000-7fefb85a3000 ---p 00000000 00:00 0 
7fefb85a3000-7fefb8993000 rwxp 00000000 00:00 0 
7fefb8993000-7fefc75a3000 ---p 00000000 00:00 0 
7fefc75a3000-7fefc75bd000 r-xp 00000000 08:02 21365120                   /home/paras.mal/Documents/jdk1.8.0_11/jre/lib/amd64/libzip.so
7fefc75bd000-7fefc77bd000 ---p 0001a000 08:02 21365120                   /home/paras.mal/Documents/jdk1.8.0_11/jre/lib/amd64/libzip.so
7fefc77bd000-7fefc77be000 rw-p 0001a000 08:02 21365120                   /home/paras.mal/Documents/jdk1.8.0_11/jre/lib/amd64/libzip.so
7fefc77be000-7fefc77c9000 r-xp 00000000 08:02 4723428                    /lib/x86_64-linux-gnu/libnss_files-2.27.so
7fefc77c9000-7fefc79c8000 ---p 0000b000 08:02 4723428                    /lib/x86_64-linux-gnu/libnss_files-2.27.so
7fefc79c8000-7fefc79c9000 r--p 0000a000 08:02 4723428                    /lib/x86_64-linux-gnu/libnss_files-2.27.so
7fefc79c9000-7fefc79ca000 rw-p 0000b000 08:02 4723428                    /lib/x86_64-linux-gnu/libnss_files-2.27.so
7fefc79ca000-7fefc79d0000 rw-p 00000000 00:00 0 
7fefc79d0000-7fefc79e7000 r-xp 00000000 08:02 4723422                    /lib/x86_64-linux-gnu/libnsl-2.27.so
7fefc79e7000-7fefc7be6000 ---p 00017000 08:02 4723422                    /lib/x86_64-linux-gnu/libnsl-2.27.so
7fefc7be6000-7fefc7be7000 r--p 00016000 08:02 4723422                    /lib/x86_64-linux-gnu/libnsl-2.27.so
7fefc7be7000-7fefc7be8000 rw-p 00017000 08:02 4723422                    /lib/x86_64-linux-gnu/libnsl-2.27.so
7fefc7be8000-7fefc7bea000 rw-p 00000000 00:00 0 
7fefc7bea000-7fefc7bf5000 r-xp 00000000 08:02 4723439                    /lib/x86_64-linux-gnu/libnss_nis-2.27.so
7fefc7bf5000-7fefc7df4000 ---p 0000b000 08:02 4723439                    /lib/x86_64-linux-gnu/libnss_nis-2.27.so
7fefc7df4000-7fefc7df5000 r--p 0000a000 08:02 4723439                    /lib/x86_64-linux-gnu/libnss_nis-2.27.so
7fefc7df5000-7fefc7df6000 rw-p 0000b000 08:02 4723439                    /lib/x86_64-linux-gnu/libnss_nis-2.27.so
7fefc7df6000-7fefc7dfe000 r-xp 00000000 08:02 4723424                    /lib/x86_64-linux-gnu/libnss_compat-2.27.so
7fefc7dfe000-7fefc7ffe000 ---p 00008000 08:02 4723424                    /lib/x86_64-linux-gnu/libnss_compat-2.27.so
7fefc7ffe000-7fefc7fff000 r--p 00008000 08:02 4723424                    /lib/x86_64-linux-gnu/libnss_compat-2.27.so
7fefc7fff000-7fefc8000000 rw-p 00009000 08:02 4723424                    /lib/x86_64-linux-gnu/libnss_compat-2.27.so
7fefc8000000-7fefc83f4000 rw-p 00000000 00:00 0 
7fefc83f4000-7fefcc000000 ---p 00000000 00:00 0 
7fefcc000000-7fefcc002000 r--s 00016000 08:02 26479694                   /home/paras.mal/Downloads/ideaIU-14.1.7/idea-IU-141.3058.30/lib/idea_rt.jar
7fefcc002000-7fefcc005000 r--s 0001a000 08:02 21365086                   /home/paras.mal/Documents/jdk1.8.0_11/jre/lib/jce.jar
7fefcc005000-7fefcc017000 r--s 00345000 08:02 21364978                   /home/paras.mal/Documents/jdk1.8.0_11/jre/lib/resources.jar
7fefcc017000-7fefcc093000 rw-p 00000000 00:00 0 
7fefcc093000-7fefcc094000 ---p 00000000 00:00 0 
7fefcc094000-7fefcc194000 rw-p 00000000 00:00 0 
7fefcc194000-7fefcc1be000 r-xp 00000000 08:02 21365137                   /home/paras.mal/Documents/jdk1.8.0_11/jre/lib/amd64/libjava.so
7fefcc1be000-7fefcc3be000 ---p 0002a000 08:02 21365137                   /home/paras.mal/Documents/jdk1.8.0_11/jre/lib/amd64/libjava.so
7fefcc3be000-7fefcc3c0000 rw-p 0002a000 08:02 21365137                   /home/paras.mal/Documents/jdk1.8.0_11/jre/lib/amd64/libjava.so
7fefcc3c0000-7fefcc3cd000 r-xp 00000000 08:02 21365165                   /home/paras.mal/Documents/jdk1.8.0_11/jre/lib/amd64/libverify.so
7fefcc3cd000-7fefcc5cd000 ---p 0000d000 08:02 21365165                   /home/paras.mal/Documents/jdk1.8.0_11/jre/lib/amd64/libverify.so
7fefcc5cd000-7fefcc5cf000 rw-p 0000d000 08:02 21365165                   /home/paras.mal/Documents/jdk1.8.0_11/jre/lib/amd64/libverify.so
7fefcc5cf000-7fefcc5d6000 r-xp 00000000 08:02 4723479                    /lib/x86_64-linux-gnu/librt-2.27.so
7fefcc5d6000-7fefcc7d5000 ---p 00007000 08:02 4723479                    /lib/x86_64-linux-gnu/librt-2.27.so
7fefcc7d5000-7fefcc7d6000 r--p 00006000 08:02 4723479                    /lib/x86_64-linux-gnu/librt-2.27.so
7fefcc7d6000-7fefcc7d7000 rw-p 00007000 08:02 4723479                    /lib/x86_64-linux-gnu/librt-2.27.so
7fefcc7d7000-7fefcc974000 r-xp 00000000 08:02 4723401                    /lib/x86_64-linux-gnu/libm-2.27.so
7fefcc974000-7fefccb73000 ---p 0019d000 08:02 4723401                    /lib/x86_64-linux-gnu/libm-2.27.so
7fefccb73000-7fefccb74000 r--p 0019c000 08:02 4723401                    /lib/x86_64-linux-gnu/libm-2.27.so
7fefccb74000-7fefccb75000 rw-p 0019d000 08:02 4723401                    /lib/x86_64-linux-gnu/libm-2.27.so
7fefccb75000-7fefcd834000 r-xp 00000000 08:02 21365131                   /home/paras.mal/Documents/jdk1.8.0_11/jre/lib/amd64/server/libjvm.so
7fefcd834000-7fefcda33000 ---p 00cbf000 08:02 21365131                   /home/paras.mal/Documents/jdk1.8.0_11/jre/lib/amd64/server/libjvm.so
7fefcda33000-7fefcdb0c000 rw-p 00cbe000 08:02 21365131                   /home/paras.mal/Documents/jdk1.8.0_11/jre/lib/amd64/server/libjvm.so
7fefcdb0c000-7fefcdb55000 rw-p 00000000 00:00 0 
7fefcdb55000-7fefcdd3c000 r-xp 00000000 08:02 4723338                    /lib/x86_64-linux-gnu/libc-2.27.so
7fefcdd3c000-7fefcdf3c000 ---p 001e7000 08:02 4723338                    /lib/x86_64-linux-gnu/libc-2.27.so
7fefcdf3c000-7fefcdf40000 r--p 001e7000 08:02 4723338                    /lib/x86_64-linux-gnu/libc-2.27.so
7fefcdf40000-7fefcdf42000 rw-p 001eb000 08:02 4723338                    /lib/x86_64-linux-gnu/libc-2.27.so
7fefcdf42000-7fefcdf46000 rw-p 00000000 00:00 0 
7fefcdf46000-7fefcdf49000 r-xp 00000000 08:02 4723361                    /lib/x86_64-linux-gnu/libdl-2.27.so
7fefcdf49000-7fefce148000 ---p 00003000 08:02 4723361                    /lib/x86_64-linux-gnu/libdl-2.27.so
7fefce148000-7fefce149000 r--p 00002000 08:02 4723361                    /lib/x86_64-linux-gnu/libdl-2.27.so
7fefce149000-7fefce14a000 rw-p 00003000 08:02 4723361                    /lib/x86_64-linux-gnu/libdl-2.27.so
7fefce14a000-7fefce15f000 r-xp 00000000 08:02 21366021                   /home/paras.mal/Documents/jdk1.8.0_11/lib/amd64/jli/libjli.so
7fefce15f000-7fefce35f000 ---p 00015000 08:02 21366021                   /home/paras.mal/Documents/jdk1.8.0_11/lib/amd64/jli/libjli.so
7fefce35f000-7fefce360000 rw-p 00015000 08:02 21366021                   /home/paras.mal/Documents/jdk1.8.0_11/lib/amd64/jli/libjli.so
7fefce360000-7fefce37a000 r-xp 00000000 08:02 4723471                    /lib/x86_64-linux-gnu/libpthread-2.27.so
7fefce37a000-7fefce579000 ---p 0001a000 08:02 4723471                    /lib/x86_64-linux-gnu/libpthread-2.27.so
7fefce579000-7fefce57a000 r--p 00019000 08:02 4723471                    /lib/x86_64-linux-gnu/libpthread-2.27.so
7fefce57a000-7fefce57b000 rw-p 0001a000 08:02 4723471                    /lib/x86_64-linux-gnu/libpthread-2.27.so
7fefce57b000-7fefce57f000 rw-p 00000000 00:00 0 
7fefce57f000-7fefce5a6000 r-xp 00000000 08:02 4723310                    /lib/x86_64-linux-gnu/ld-2.27.so
7fefce5a6000-7fefce5a8000 r--s 00007000 08:02 21364963                   /home/paras.mal/Documents/jdk1.8.0_11/jre/lib/jfxswt.jar
7fefce5a8000-7fefce5ac000 r--s 00097000 08:02 21364964                   /home/paras.mal/Documents/jdk1.8.0_11/jre/lib/jsse.jar
7fefce5ac000-7fefce687000 rw-p 00000000 00:00 0 
7fefce687000-7fefce688000 ---p 00000000 00:00 0 
7fefce688000-7fefce68b000 ---p 00000000 00:00 0 
7fefce68b000-7fefce78a000 rw-p 00000000 00:00 0 
7fefce78a000-7fefce794000 r--s 0006b000 08:02 21364999                   /home/paras.mal/Documents/jdk1.8.0_11/jre/lib/javaws.jar
7fefce794000-7fefce799000 r--s 00084000 08:02 21365106                   /home/paras.mal/Documents/jdk1.8.0_11/jre/lib/jfr.jar
7fefce799000-7fefce79a000 r--s 00000000 08:02 21364998                   /home/paras.mal/Documents/jdk1.8.0_11/jre/lib/management-agent.jar
7fefce79a000-7fefce7a2000 rw-s 00000000 08:02 8129659                    /tmp/hsperfdata_paras.mal/13047
7fefce7a2000-7fefce7a3000 rw-p 00000000 00:00 0 
7fefce7a3000-7fefce7a4000 ---p 00000000 00:00 0 
7fefce7a4000-7fefce7a6000 rw-p 00000000 00:00 0 
7fefce7a6000-7fefce7a7000 r--p 00027000 08:02 4723310                    /lib/x86_64-linux-gnu/ld-2.27.so
7fefce7a7000-7fefce7a8000 rw-p 00028000 08:02 4723310                    /lib/x86_64-linux-gnu/ld-2.27.so
7fefce7a8000-7fefce7a9000 rw-p 00000000 00:00 0 
7ffce8740000-7ffce8762000 rw-p 00000000 00:00 0                          [stack]
7ffce87a6000-7ffce87a9000 r--p 00000000 00:00 0                          [vvar]
7ffce87a9000-7ffce87ab000 r-xp 00000000 00:00 0                          [vdso]
ffffffffff600000-ffffffffff601000 r-xp 00000000 00:00 0                  [vsyscall]

VM Arguments:
jvm_args: -Xmx5g -Didea.launcher.port=7537 -Didea.launcher.bin.path=/home/paras.mal/Downloads/ideaIU-14.1.7/idea-IU-141.3058.30/bin -Dfile.encoding=UTF-8 
java_command: com.intellij.rt.execution.application.AppMain model.reader.JsonReader
java_class_path (initial): /home/paras.mal/Documents/jdk1.8.0_11/jre/lib/deploy.jar:/home/paras.mal/Documents/jdk1.8.0_11/jre/lib/management-agent.jar:/home/paras.mal/Documents/jdk1.8.0_11/jre/lib/rt.jar:/home/paras.mal/Documents/jdk1.8.0_11/jre/lib/jfr.jar:/home/paras.mal/Documents/jdk1.8.0_11/jre/lib/resources.jar:/home/paras.mal/Documents/jdk1.8.0_11/jre/lib/plugin.jar:/home/paras.mal/Documents/jdk1.8.0_11/jre/lib/javaws.jar:/home/paras.mal/Documents/jdk1.8.0_11/jre/lib/jsse.jar:/home/paras.mal/Documents/jdk1.8.0_11/jre/lib/charsets.jar:/home/paras.mal/Documents/jdk1.8.0_11/jre/lib/jfxswt.jar:/home/paras.mal/Documents/jdk1.8.0_11/jre/lib/jce.jar:/home/paras.mal/Documents/jdk1.8.0_11/jre/lib/ext/dnsns.jar:/home/paras.mal/Documents/jdk1.8.0_11/jre/lib/ext/sunpkcs11.jar:/home/paras.mal/Documents/jdk1.8.0_11/jre/lib/ext/localedata.jar:/home/paras.mal/Documents/jdk1.8.0_11/jre/lib/ext/jaccess.jar:/home/paras.mal/Documents/jdk1.8.0_11/jre/lib/ext/sunjce_provider.jar:/home/paras.mal/Documents/jdk1.8.0_11/jre/lib/ext/nashorn.jar:/home/paras.mal/Documents/jdk1.8.0_11/jre/lib/ext/jfxrt.jar:/home/paras.mal/Documents/jdk1.8.0_11/jre/lib/ext/sunec.jar:/home/paras.mal/Documents/jdk1.8.0_11/jre/lib/ext/cldrdata.jar:/home/paras.mal/Documents/jdk1.8.0_11/jre/lib/ext/zipfs.jar:/home/paras.mal/Documents/office/CatBoost4J/target/classes:/home/paras.mal/.m2/repository/com/google/code/gson/gson/2.7/gson-2.7.jar:/home/paras.mal/Downloads/ideaIU-14.1.7/idea-IU-141.3058.30/lib/idea_rt.jar
Launcher Type: SUN_STANDARD

Environment Variables:
JAVA_HOME=/home/paras.mal/Documents/jdk1.8.0_11/
PATH=/home/paras.mal/.local/bin:/usr/local/sbin:/usr/local/bin:/usr/sbin:/usr/bin:/sbin:/bin:/usr/games:/usr/local/games:/snap/bin:/home/paras.mal/Downloads/ideaIU-14.1.7/idea-IU-141.3058.30/bin/:/home/paras.mal/Documents/jdk1.8.0_11/bin/
USERNAME=paras.mal
LD_LIBRARY_PATH=/home/paras.mal/Downloads/ideaIU-14.1.7/idea-IU-141.3058.30/bin:
SHELL=/bin/bash
DISPLAY=:0

Signal Handlers:
SIGSEGV: [libjvm.so+0xabafa0], sa_mask[0]=11111111011111111101111111111110, sa_flags=SA_RESTART|SA_SIGINFO
SIGBUS: [libjvm.so+0xabafa0], sa_mask[0]=11111111011111111101111111111110, sa_flags=SA_RESTART|SA_SIGINFO
SIGFPE: [libjvm.so+0x9183c0], sa_mask[0]=11111111011111111101111111111110, sa_flags=SA_RESTART|SA_SIGINFO
SIGPIPE: [libjvm.so+0x9183c0], sa_mask[0]=11111111011111111101111111111110, sa_flags=SA_RESTART|SA_SIGINFO
SIGXFSZ: [libjvm.so+0x9183c0], sa_mask[0]=11111111011111111101111111111110, sa_flags=SA_RESTART|SA_SIGINFO
SIGILL: [libjvm.so+0x9183c0], sa_mask[0]=11111111011111111101111111111110, sa_flags=SA_RESTART|SA_SIGINFO
SIGUSR1: SIG_DFL, sa_mask[0]=00000000000000000000000000000000, sa_flags=none
SIGUSR2: [libjvm.so+0x9199f0], sa_mask[0]=00100000000000000000000000000000, sa_flags=SA_RESTART|SA_SIGINFO
SIGHUP: [libjvm.so+0x91adf0], sa_mask[0]=11111111011111111101111111111110, sa_flags=SA_RESTART|SA_SIGINFO
SIGINT: [libjvm.so+0x91adf0], sa_mask[0]=11111111011111111101111111111110, sa_flags=SA_RESTART|SA_SIGINFO
SIGTERM: [libjvm.so+0x91adf0], sa_mask[0]=11111111011111111101111111111110, sa_flags=SA_RESTART|SA_SIGINFO
SIGQUIT: [libjvm.so+0x91adf0], sa_mask[0]=11111111011111111101111111111110, sa_flags=SA_RESTART|SA_SIGINFO


---------------  S Y S T E M  ---------------

OS:DISTRIB_ID=Ubuntu
DISTRIB_RELEASE=18.04
DISTRIB_CODENAME=bionic
DISTRIB_DESCRIPTION="Ubuntu 18.04.1 LTS"

uname:Linux 4.15.0-91-generic #92-Ubuntu SMP Fri Feb 28 11:09:48 UTC 2020 x86_64
libc:glibc 2.27 NPTL 2.27 
rlimit: STACK 8192k, CORE 0k, NPROC 63061, NOFILE 4096, AS infinity
load average:5.75 5.02 4.77

/proc/meminfo:
MemTotal:       16306456 kB
MemFree:          172900 kB
MemAvailable:     181840 kB
Buffers:            7660 kB
Cached:           761648 kB
SwapCached:         3580 kB
Active:         13620856 kB
Inactive:        1810800 kB
Active(anon):   13514100 kB
Inactive(anon):  1711780 kB
Active(file):     106756 kB
Inactive(file):    99020 kB
Unevictable:         784 kB
Mlocked:             784 kB
SwapTotal:       2097148 kB
SwapFree:              4 kB
Dirty:             26760 kB
Writeback:             0 kB
AnonPages:      14659504 kB
Mapped:           394748 kB
Shmem:            563664 kB
Slab:             296788 kB
SReclaimable:     109888 kB
SUnreclaim:       186900 kB
KernelStack:       31760 kB
PageTables:       192488 kB
NFS_Unstable:          0 kB
Bounce:                0 kB
WritebackTmp:          0 kB
CommitLimit:    10250376 kB
Committed_AS:   38363928 kB
VmallocTotal:   34359738367 kB
VmallocUsed:           0 kB
VmallocChunk:          0 kB
HardwareCorrupted:     0 kB
AnonHugePages:         0 kB
ShmemHugePages:        0 kB
ShmemPmdMapped:        0 kB
CmaTotal:              0 kB
CmaFree:               0 kB
HugePages_Total:       0
HugePages_Free:        0
HugePages_Rsvd:        0
HugePages_Surp:        0
Hugepagesize:       2048 kB
DirectMap4k:      998928 kB
DirectMap2M:    15659008 kB
DirectMap1G:           0 kB


CPU:total 4 (2 cores per cpu, 2 threads per core) family 6 model 78 stepping 3, cmov, cx8, fxsr, mmx, sse, sse2, sse3, ssse3, sse4.1, sse4.2, popcnt, avx, avx2, aes, clmul, erms, 3dnowpref, lzcnt, ht, tsc, tscinvbit, bmi1, bmi2, adx

/proc/cpuinfo:
processor	: 0
vendor_id	: GenuineIntel
cpu family	: 6
model		: 78
model name	: Intel(R) Core(TM) i7-6500U CPU @ 2.50GHz
stepping	: 3
microcode	: 0xd6
cpu MHz		: 2879.525
cache size	: 4096 KB
physical id	: 0
siblings	: 4
core id		: 0
cpu cores	: 2
apicid		: 0
initial apicid	: 0
fpu		: yes
fpu_exception	: yes
cpuid level	: 22
wp		: yes
flags		: fpu vme de pse tsc msr pae mce cx8 apic sep mtrr pge mca cmov pat pse36 clflush dts acpi mmx fxsr sse sse2 ss ht tm pbe syscall nx pdpe1gb rdtscp lm constant_tsc art arch_perfmon pebs bts rep_good nopl xtopology nonstop_tsc cpuid aperfmperf tsc_known_freq pni pclmulqdq dtes64 monitor ds_cpl vmx est tm2 ssse3 sdbg fma cx16 xtpr pdcm pcid sse4_1 sse4_2 x2apic movbe popcnt tsc_deadline_timer aes xsave avx f16c rdrand lahf_lm abm 3dnowprefetch cpuid_fault epb invpcid_single pti ssbd ibrs ibpb stibp tpr_shadow vnmi flexpriority ept vpid fsgsbase tsc_adjust bmi1 avx2 smep bmi2 erms invpcid mpx rdseed adx smap clflushopt intel_pt xsaveopt xsavec xgetbv1 xsaves dtherm ida arat pln pts hwp hwp_notify hwp_act_window hwp_epp md_clear flush_l1d
bugs		: cpu_meltdown spectre_v1 spectre_v2 spec_store_bypass l1tf mds swapgs itlb_multihit
bogomips	: 5184.00
clflush size	: 64
cache_alignment	: 64
address sizes	: 39 bits physical, 48 bits virtual
power management:

processor	: 1
vendor_id	: GenuineIntel
cpu family	: 6
model		: 78
model name	: Intel(R) Core(TM) i7-6500U CPU @ 2.50GHz
stepping	: 3
microcode	: 0xd6
cpu MHz		: 2879.535
cache size	: 4096 KB
physical id	: 0
siblings	: 4
core id		: 1
cpu cores	: 2
apicid		: 2
initial apicid	: 2
fpu		: yes
fpu_exception	: yes
cpuid level	: 22
wp		: yes
flags		: fpu vme de pse tsc msr pae mce cx8 apic sep mtrr pge mca cmov pat pse36 clflush dts acpi mmx fxsr sse sse2 ss ht tm pbe syscall nx pdpe1gb rdtscp lm constant_tsc art arch_perfmon pebs bts rep_good nopl xtopology nonstop_tsc cpuid aperfmperf tsc_known_freq pni pclmulqdq dtes64 monitor ds_cpl vmx est tm2 ssse3 sdbg fma cx16 xtpr pdcm pcid sse4_1 sse4_2 x2apic movbe popcnt tsc_deadline_timer aes xsave avx f16c rdrand lahf_lm abm 3dnowprefetch cpuid_fault epb invpcid_single pti ssbd ibrs ibpb stibp tpr_shadow vnmi flexpriority ept vpid fsgsbase tsc_adjust bmi1 avx2 smep bmi2 erms invpcid mpx rdseed adx smap clflushopt intel_pt xsaveopt xsavec xgetbv1 xsaves dtherm ida arat pln pts hwp hwp_notify hwp_act_window hwp_epp md_clear flush_l1d
bugs		: cpu_meltdown spectre_v1 spectre_v2 spec_store_bypass l1tf mds swapgs itlb_multihit
bogomips	: 5184.00
clflush size	: 64
cache_alignment	: 64
address sizes	: 39 bits physical, 48 bits virtual
power management:

processor	: 2
vendor_id	: GenuineIntel
cpu family	: 6
model		: 78
model name	: Intel(R) Core(TM) i7-6500U CPU @ 2.50GHz
stepping	: 3
microcode	: 0xd6
cpu MHz		: 2849.181
cache size	: 4096 KB
physical id	: 0
siblings	: 4
core id		: 0
cpu cores	: 2
apicid		: 1
initial apicid	: 1
fpu		: yes
fpu_exception	: yes
cpuid level	: 22
wp		: yes
flags		: fpu vme de pse tsc msr pae mce cx8 apic sep mtrr pge mca cmov pat pse36 clflush dts acpi mmx fxsr sse sse2 ss ht tm pbe syscall nx pdpe1gb rdtscp lm constant_tsc art arch_perfmon pebs bts rep_good nopl xtopology nonstop_tsc cpuid aperfmperf tsc_known_freq pni pclmulqdq dtes64 monitor ds_cpl vmx est tm2 ssse3 sdbg fma cx16 xtpr pdcm pcid sse4_1 sse4_2 x2apic movbe popcnt tsc_deadline_timer aes xsave avx f16c rdrand lahf_lm abm 3dnowprefetch cpuid_fault epb invpcid_single pti ssbd ibrs ibpb stibp tpr_shadow vnmi flexpriority ept vpid fsgsbase tsc_adjust bmi1 avx2 smep bmi2 erms invpcid mpx rdseed adx smap clflushopt intel_pt xsaveopt xsavec xgetbv1 xsaves dtherm ida arat pln pts hwp hwp_notify hwp_act_window hwp_epp md_clear flush_l1d
bugs		: cpu_meltdown spectre_v1 spectre_v2 spec_store_bypass l1tf mds swapgs itlb_multihit
bogomips	: 5184.00
clflush size	: 64
cache_alignment	: 64
address sizes	: 39 bits physical, 48 bits virtual
power management:

processor	: 3
vendor_id	: GenuineIntel
cpu family	: 6
model		: 78
model name	: Intel(R) Core(TM) i7-6500U CPU @ 2.50GHz
stepping	: 3
microcode	: 0xd6
cpu MHz		: 2877.341
cache size	: 4096 KB
physical id	: 0
siblings	: 4
core id		: 1
cpu cores	: 2
apicid		: 3
initial apicid	: 3
fpu		: yes
fpu_exception	: yes
cpuid level	: 22
wp		: yes
flags		: fpu vme de pse tsc msr pae mce cx8 apic sep mtrr pge mca cmov pat pse36 clflush dts acpi mmx fxsr sse sse2 ss ht tm pbe syscall nx pdpe1gb rdtscp lm constant_tsc art arch_perfmon pebs bts rep_good nopl xtopology nonstop_tsc cpuid aperfmperf tsc_known_freq pni pclmulqdq dtes64 monitor ds_cpl vmx est tm2 ssse3 sdbg fma cx16 xtpr pdcm pcid sse4_1 sse4_2 x2apic movbe popcnt tsc_deadline_timer aes xsave avx f16c rdrand lahf_lm abm 3dnowprefetch cpuid_fault epb invpcid_single pti ssbd ibrs ibpb stibp tpr_shadow vnmi flexpriority ept vpid fsgsbase tsc_adjust bmi1 avx2 smep bmi2 erms invpcid mpx rdseed adx smap clflushopt intel_pt xsaveopt xsavec xgetbv1 xsaves dtherm ida arat pln pts hwp hwp_notify hwp_act_window hwp_epp md_clear flush_l1d
bugs		: cpu_meltdown spectre_v1 spectre_v2 spec_store_bypass l1tf mds swapgs itlb_multihit
bogomips	: 5184.00
clflush size	: 64
cache_alignment	: 64
address sizes	: 39 bits physical, 48 bits virtual
power management:



Memory: 4k page, physical 16306456k(171004k free), swap 2097148k(4k free)

vm_info: Java HotSpot(TM) 64-Bit Server VM (25.71-b15) for linux-amd64 JRE (1.8.0_71-b15), built on Dec 22 2015 18:21:33 by "java_re" with gcc 4.3.0 20080428 (Red Hat 4.3.0-8)

time: Sun Apr 12 01:02:04 2020
elapsed time: 15 seconds (0d 0h 0m 15s)

