#
# There is insufficient memory for the Java Runtime Environment to continue.
# Native memory allocation (mmap) failed to map 439353344 bytes for committing reserved memory.
# Possible reasons:
#   The system is out of physical RAM or swap space
#   In 32 bit mode, the process size limit was hit
# Possible solutions:
#   Reduce memory load on the system
#   Increase physical memory or swap space
#   Check if swap backing store is full
#   Use 64 bit Java on a 64 bit OS
#   Decrease Java heap size (-Xmx/-Xms)
#   Decrease number of Java threads
#   Decrease Java thread stack sizes (-Xss)
#   Set larger code cache with -XX:ReservedCodeCacheSize=
# This output file may be truncated or incomplete.
#
#  Out of Memory Error (os_linux.cpp:2627), pid=12923, tid=139972169393920
#
# JRE version: Java(TM) SE Runtime Environment (8.0_71-b15) (build 1.8.0_71-b15)
# Java VM: Java HotSpot(TM) 64-Bit Server VM (25.71-b15 mixed mode linux-amd64 compressed oops)
# Failed to write core dump. Core dumps have been disabled. To enable core dumping, try "ulimit -c unlimited" before starting Java again
#

---------------  T H R E A D  ---------------

Current thread (0x00007f4de4079800):  VMThread [stack: 0x00007f4dcf5f7000,0x00007f4dcf6f7000] [id=12929]

Stack: [0x00007f4dcf5f7000,0x00007f4dcf6f7000],  sp=0x00007f4dcf6f4fc0,  free space=1015k
Native frames: (J=compiled Java code, j=interpreted, Vv=VM code, C=native code)
V  [libjvm.so+0xaba71a]  VMError::report_and_die()+0x2ba
V  [libjvm.so+0x4f9ecb]  report_vm_out_of_memory(char const*, int, unsigned long, VMErrorType, char const*)+0x8b
V  [libjvm.so+0x91b553]  os::Linux::commit_memory_impl(char*, unsigned long, bool)+0x103
V  [libjvm.so+0x91baa9]  os::pd_commit_memory(char*, unsigned long, unsigned long, bool)+0x29
V  [libjvm.so+0x915dba]  os::commit_memory(char*, unsigned long, unsigned long, bool)+0x2a
V  [libjvm.so+0x989463]  PSVirtualSpace::expand_by(unsigned long)+0x53
V  [libjvm.so+0x979d50]  PSOldGen::expand(unsigned long)+0x170
V  [libjvm.so+0x979f5b]  PSOldGen::resize(unsigned long)+0x1cb
V  [libjvm.so+0x981c31]  PSParallelCompact::invoke_no_policy(bool)+0x991
V  [libjvm.so+0x98758d]  PSScavenge::invoke()+0x1ad
V  [libjvm.so+0x93f1b0]  ParallelScavengeHeap::failed_mem_allocate(unsigned long)+0x70
V  [libjvm.so+0xabc137]  VM_ParallelGCFailedAllocation::doit()+0x97
V  [libjvm.so+0xac3b65]  VM_Operation::evaluate()+0x55
V  [libjvm.so+0xac1f3a]  VMThread::evaluate_operation(VM_Operation*)+0xba
V  [libjvm.so+0xac22be]  VMThread::loop()+0x1ce
V  [libjvm.so+0xac2730]  VMThread::run()+0x70
V  [libjvm.so+0x91d918]  java_start(Thread*)+0x108

VM_Operation (0x00007f4dece23dc0): ParallelGCFailedAllocation, mode: safepoint, requested by thread 0x00007f4de400b000


---------------  P R O C E S S  ---------------

Java Threads: ( => current thread )
  0x00007f4de4141800 JavaThread "Monitor Ctrl-Break" daemon [_thread_in_native, id=12938, stack(0x00007f4dce0dc000,0x00007f4dce1dd000)]
  0x00007f4de40c1800 JavaThread "Service Thread" daemon [_thread_blocked, id=12936, stack(0x00007f4dce520000,0x00007f4dce621000)]
  0x00007f4de40be000 JavaThread "C1 CompilerThread2" daemon [_thread_blocked, id=12935, stack(0x00007f4dce622000,0x00007f4dce722000)]
  0x00007f4de40bc800 JavaThread "C2 CompilerThread1" daemon [_thread_blocked, id=12934, stack(0x00007f4dce723000,0x00007f4dce823000)]
  0x00007f4de40ba000 JavaThread "C2 CompilerThread0" daemon [_thread_blocked, id=12933, stack(0x00007f4dce824000,0x00007f4dce924000)]
  0x00007f4de40b6000 JavaThread "Signal Dispatcher" daemon [_thread_blocked, id=12932, stack(0x00007f4dce924000,0x00007f4dcea25000)]
  0x00007f4de4080800 JavaThread "Finalizer" daemon [_thread_blocked, id=12931, stack(0x00007f4dcf3f4000,0x00007f4dcf4f5000)]
  0x00007f4de407e800 JavaThread "Reference Handler" daemon [_thread_blocked, id=12930, stack(0x00007f4dcf4f5000,0x00007f4dcf5f6000)]
  0x00007f4de400b000 JavaThread "main" [_thread_blocked, id=12924, stack(0x00007f4decd26000,0x00007f4dece26000)]

Other Threads:
=>0x00007f4de4079800 VMThread [stack: 0x00007f4dcf5f7000,0x00007f4dcf6f7000] [id=12929]
  0x00007f4de40c4000 WatcherThread [stack: 0x00007f4dce420000,0x00007f4dce520000] [id=12937]

VM state:at safepoint (normal execution)

VM Mutex/Monitor currently owned by a thread:  ([mutex/lock_event])
[0x00007f4de4007470] ExpandHeap_lock - owner thread: 0x00007f4de4079800
[0x00007f4de4007af0] Threads_lock - owner thread: 0x00007f4de4079800
[0x00007f4de4007ff0] Heap_lock - owner thread: 0x00007f4de400b000

Heap:
 PSYoungGen      total 637952K, used 372637K [0x000000076d100000, 0x00000007b2100000, 0x00000007c0000000)
  eden space 200192K, 0% used [0x000000076d100000,0x000000076d100000,0x0000000779480000)
  from space 437760K, 85% used [0x0000000794e80000,0x00000007aba67768,0x00000007afa00000)
  to   space 452608K, 0% used [0x0000000779480000,0x0000000779480000,0x0000000794e80000)
 ParOldGen       total 979968K, used 979956K [0x00000006c7200000, 0x0000000702f00000, 0x000000076d100000)
  object space 979968K, 99% used [0x00000006c7200000,0x0000000702efd2b0,0x0000000702f00000)
 Metaspace       used 4726K, capacity 5228K, committed 5504K, reserved 1056768K
  class space    used 489K, capacity 530K, committed 640K, reserved 1048576K

Card table byte_map: [0x00007f4de924d000,0x00007f4de9a15000] byte_map_base: 0x00007f4de5c14000

Marking Bits: (ParMarkBitMap*) 0x00007f4dec1c7fc0
 Begin Bits: [0x00007f4db8390000, 0x00007f4dbc1c8000)
 End Bits:   [0x00007f4dbc1c8000, 0x00007f4dc0000000)

Polling page: 0x00007f4dece41000

CodeCache: size=245760Kb used=4014Kb max_used=4027Kb free=241745Kb
 bounds [0x00007f4dd5000000, 0x00007f4dd5400000, 0x00007f4de4000000]
 total_blobs=1062 nmethods=809 adapters=167
 compilation: enabled

Compilation events (10 events):
Event: 6.248 Thread 0x00007f4de40bc800 nmethod 803 0x00007f4dd53da650 code [0x00007f4dd53da7a0, 0x00007f4dd53da838]
Event: 6.248 Thread 0x00007f4de40bc800  812       4       java.util.AbstractCollection::toArray (147 bytes)
Event: 6.254 Thread 0x00007f4de40ba000 nmethod 798 0x00007f4dd53e20d0 code [0x00007f4dd53e2380, 0x00007f4dd53e41f8]
Event: 6.254 Thread 0x00007f4de40ba000  804       4       java.util.ArrayList$SubList::iterator (5 bytes)
Event: 6.256 Thread 0x00007f4de40ba000 nmethod 804 0x00007f4dd53da210 code [0x00007f4dd53da360, 0x00007f4dd53da4b8]
Event: 6.256 Thread 0x00007f4de40ba000  805       4       java.util.ArrayList$SubList$1::<init> (47 bytes)
Event: 6.257 Thread 0x00007f4de40ba000 nmethod 805 0x00007f4dd53e1e10 code [0x00007f4dd53e1f60, 0x00007f4dd53e2018]
Event: 6.257 Thread 0x00007f4de40ba000  795       4       java.util.Arrays::copyOf (46 bytes)
Event: 6.260 Thread 0x00007f4de40ba000 nmethod 795 0x00007f4dd53d6250 code [0x00007f4dd53d63c0, 0x00007f4dd53d6738]
Event: 6.262 Thread 0x00007f4de40bc800 nmethod 812 0x00007f4dd53db290 code [0x00007f4dd53db420, 0x00007f4dd53dbab8]

GC Heap History (10 events):
Event: 10.019 GC heap after
Heap after GC invocations=12 (full 3):
 PSYoungGen      total 479232K, used 227838K [0x000000076d100000, 0x00000007a1700000, 0x00000007c0000000)
  eden space 185344K, 0% used [0x000000076d100000,0x000000076d100000,0x0000000778600000)
  from space 293888K, 77% used [0x0000000778600000,0x000000078647fb88,0x000000078a500000)
  to   space 316416K, 0% used [0x000000078e200000,0x000000078e200000,0x00000007a1700000)
 ParOldGen       total 951808K, used 628319K [0x00000006c7200000, 0x0000000701380000, 0x000000076d100000)
  object space 951808K, 66% used [0x00000006c7200000,0x00000006ed797d70,0x0000000701380000)
 Metaspace       used 4726K, capacity 5228K, committed 5504K, reserved 1056768K
  class space    used 489K, capacity 530K, committed 640K, reserved 1048576K
}
Event: 10.109 GC heap before
{Heap before GC invocations=13 (full 3):
 PSYoungGen      total 479232K, used 413182K [0x000000076d100000, 0x00000007a1700000, 0x00000007c0000000)
  eden space 185344K, 100% used [0x000000076d100000,0x0000000778600000,0x0000000778600000)
  from space 293888K, 77% used [0x0000000778600000,0x000000078647fb88,0x000000078a500000)
  to   space 316416K, 0% used [0x000000078e200000,0x000000078e200000,0x00000007a1700000)
 ParOldGen       total 951808K, used 628319K [0x00000006c7200000, 0x0000000701380000, 0x000000076d100000)
  object space 951808K, 66% used [0x00000006c7200000,0x00000006ed797d70,0x0000000701380000)
 Metaspace       used 4726K, capacity 5228K, committed 5504K, reserved 1056768K
  class space    used 489K, capacity 530K, committed 640K, reserved 1048576K
Event: 10.542 GC heap after
Heap after GC invocations=13 (full 3):
 PSYoungGen      total 477696K, used 316414K [0x000000076d100000, 0x00000007a9f00000, 0x00000007c0000000)
  eden space 161280K, 0% used [0x000000076d100000,0x000000076d100000,0x0000000776e80000)
  from space 316416K, 99% used [0x000000078e200000,0x00000007a16ff928,0x00000007a1700000)
  to   space 380416K, 0% used [0x0000000776e80000,0x0000000776e80000,0x000000078e200000)
 ParOldGen       total 951808K, used 669975K [0x00000006c7200000, 0x0000000701380000, 0x000000076d100000)
  object space 951808K, 70% used [0x00000006c7200000,0x00000006f0045d70,0x0000000701380000)
 Metaspace       used 4726K, capacity 5228K, committed 5504K, reserved 1056768K
  class space    used 489K, capacity 530K, committed 640K, reserved 1048576K
}
Event: 10.620 GC heap before
{Heap before GC invocations=14 (full 3):
 PSYoungGen      total 477696K, used 477694K [0x000000076d100000, 0x00000007a9f00000, 0x00000007c0000000)
  eden space 161280K, 100% used [0x000000076d100000,0x0000000776e80000,0x0000000776e80000)
  from space 316416K, 99% used [0x000000078e200000,0x00000007a16ff928,0x00000007a1700000)
  to   space 380416K, 0% used [0x0000000776e80000,0x0000000776e80000,0x000000078e200000)
 ParOldGen       total 951808K, used 669975K [0x00000006c7200000, 0x0000000701380000, 0x000000076d100000)
  object space 951808K, 70% used [0x00000006c7200000,0x00000006f0045d70,0x0000000701380000)
 Metaspace       used 4726K, capacity 5228K, committed 5504K, reserved 1056768K
  class space    used 489K, capacity 530K, committed 640K, reserved 1048576K
Event: 11.010 GC heap after
Heap after GC invocations=14 (full 3):
 PSYoungGen      total 541696K, used 374974K [0x000000076d100000, 0x00000007afa00000, 0x00000007c0000000)
  eden space 161280K, 0% used [0x000000076d100000,0x000000076d100000,0x0000000776e80000)
  from space 380416K, 98% used [0x0000000776e80000,0x000000078dcaf8f8,0x000000078e200000)
  to   space 437760K, 0% used [0x0000000794e80000,0x0000000794e80000,0x00000007afa00000)
 ParOldGen       total 951808K, used 725575K [0x00000006c7200000, 0x0000000701380000, 0x000000076d100000)
  object space 951808K, 76% used [0x00000006c7200000,0x00000006f3691dc0,0x0000000701380000)
 Metaspace       used 4726K, capacity 5228K, committed 5504K, reserved 1056768K
  class space    used 489K, capacity 530K, committed 640K, reserved 1048576K
}
Event: 11.093 GC heap before
{Heap before GC invocations=15 (full 3):
 PSYoungGen      total 541696K, used 536254K [0x000000076d100000, 0x00000007afa00000, 0x00000007c0000000)
  eden space 161280K, 100% used [0x000000076d100000,0x0000000776e80000,0x0000000776e80000)
  from space 380416K, 98% used [0x0000000776e80000,0x000000078dcaf8f8,0x000000078e200000)
  to   space 437760K, 0% used [0x0000000794e80000,0x0000000794e80000,0x00000007afa00000)
 ParOldGen       total 951808K, used 725575K [0x00000006c7200000, 0x0000000701380000, 0x000000076d100000)
  object space 951808K, 76% used [0x00000006c7200000,0x00000006f3691dc0,0x0000000701380000)
 Metaspace       used 4726K, capacity 5228K, committed 5504K, reserved 1056768K
  class space    used 489K, capacity 530K, committed 640K, reserved 1048576K
Event: 17.923 GC heap after
Heap after GC invocations=15 (full 3):
 PSYoungGen      total 637952K, used 437757K [0x000000076d100000, 0x00000007b2100000, 0x00000007c0000000)
  eden space 200192K, 0% used [0x000000076d100000,0x000000076d100000,0x0000000779480000)
  from space 437760K, 99% used [0x0000000794e80000,0x00000007af9ff568,0x00000007afa00000)
  to   space 452608K, 0% used [0x0000000779480000,0x0000000779480000,0x0000000794e80000)
 ParOldGen       total 951808K, used 775343K [0x00000006c7200000, 0x0000000701380000, 0x000000076d100000)
  object space 951808K, 81% used [0x00000006c7200000,0x00000006f672bdc0,0x0000000701380000)
 Metaspace       used 4726K, capacity 5228K, committed 5504K, reserved 1056768K
  class space    used 489K, capacity 530K, committed 640K, reserved 1048576K
}
Event: 18.249 GC heap before
{Heap before GC invocations=16 (full 3):
 PSYoungGen      total 637952K, used 637949K [0x000000076d100000, 0x00000007b2100000, 0x00000007c0000000)
  eden space 200192K, 100% used [0x000000076d100000,0x0000000779480000,0x0000000779480000)
  from space 437760K, 99% used [0x0000000794e80000,0x00000007af9ff568,0x00000007afa00000)
  to   space 452608K, 0% used [0x0000000779480000,0x0000000779480000,0x0000000794e80000)
 ParOldGen       total 951808K, used 775343K [0x00000006c7200000, 0x0000000701380000, 0x000000076d100000)
  object space 951808K, 81% used [0x00000006c7200000,0x00000006f672bdc0,0x0000000701380000)
 Metaspace       used 4726K, capacity 5228K, committed 5504K, reserved 1056768K
  class space    used 489K, capacity 530K, committed 640K, reserved 1048576K
Event: 19.249 GC heap after
Heap after GC invocations=16 (full 3):
 PSYoungGen      total 637952K, used 637949K [0x000000076d100000, 0x00000007b2100000, 0x00000007c0000000)
  eden space 200192K, 100% used [0x000000076d100000,0x0000000779480000,0x0000000779480000)
  from space 437760K, 99% used [0x0000000794e80000,0x00000007af9ff568,0x00000007afa00000)
  to   space 452608K, 81% used [0x0000000779480000,0x000000078fd2f568,0x0000000794e80000)
 ParOldGen       total 979968K, used 979727K [0x00000006c7200000, 0x0000000702f00000, 0x000000076d100000)
  object space 979968K, 99% used [0x00000006c7200000,0x0000000702ec3dc0,0x0000000702f00000)
 Metaspace       used 4726K, capacity 5228K, committed 5504K, reserved 1056768K
  class space    used 489K, capacity 530K, committed 640K, reserved 1048576K
}
Event: 19.249 GC heap before
{Heap before GC invocations=17 (full 4):
 PSYoungGen      total 637952K, used 637949K [0x000000076d100000, 0x00000007b2100000, 0x00000007c0000000)
  eden space 200192K, 100% used [0x000000076d100000,0x0000000779480000,0x0000000779480000)
  from space 437760K, 99% used [0x0000000794e80000,0x00000007af9ff568,0x00000007afa00000)
  to   space 452608K, 81% used [0x0000000779480000,0x000000078fd2f568,0x0000000794e80000)
 ParOldGen       total 979968K, used 979727K [0x00000006c7200000, 0x0000000702f00000, 0x000000076d100000)
  object space 979968K, 99% used [0x00000006c7200000,0x0000000702ec3dc0,0x0000000702f00000)
 Metaspace       used 4726K, capacity 5228K, committed 5504K, reserved 1056768K
  class space    used 489K, capacity 530K, committed 640K, reserved 1048576K

Deoptimization events (10 events):
Event: 5.538 Thread 0x00007f4de400b000 Uncommon trap: reason=bimorphic action=maybe_recompile pc=0x00007f4dd52a8d94 method=java.util.HashMap.putVal(ILjava/lang/Object;Ljava/lang/Object;ZZ)Ljava/lang/Object; @ 91
Event: 5.621 Thread 0x00007f4de400b000 Uncommon trap: reason=class_check action=maybe_recompile pc=0x00007f4dd535620c method=java.util.HashMap.putVal(ILjava/lang/Object;Ljava/lang/Object;ZZ)Ljava/lang/Object; @ 203
Event: 5.685 Thread 0x00007f4de400b000 Uncommon trap: reason=class_check action=maybe_recompile pc=0x00007f4dd535620c method=java.util.HashMap.putVal(ILjava/lang/Object;Ljava/lang/Object;ZZ)Ljava/lang/Object; @ 203
Event: 5.731 Thread 0x00007f4de400b000 Uncommon trap: reason=class_check action=maybe_recompile pc=0x00007f4dd5282150 method=com.google.gson.JsonArray.get(I)Lcom/google/gson/JsonElement; @ 10
Event: 5.731 Thread 0x00007f4de400b000 Uncommon trap: reason=class_check action=maybe_recompile pc=0x00007f4dd5282150 method=com.google.gson.JsonArray.get(I)Lcom/google/gson/JsonElement; @ 10
Event: 5.731 Thread 0x00007f4de400b000 Uncommon trap: reason=class_check action=maybe_recompile pc=0x00007f4dd5282150 method=com.google.gson.JsonArray.get(I)Lcom/google/gson/JsonElement; @ 10
Event: 5.732 Thread 0x00007f4de400b000 Uncommon trap: reason=class_check action=maybe_recompile pc=0x00007f4dd5282150 method=com.google.gson.JsonArray.get(I)Lcom/google/gson/JsonElement; @ 10
Event: 5.750 Thread 0x00007f4de400b000 Uncommon trap: reason=null_check action=make_not_entrant pc=0x00007f4dd538e810 method=com.google.gson.internal.Excluder.isAnonymousOrLocal(Ljava/lang/Class;)Z @ 3
Event: 5.827 Thread 0x00007f4de400b000 Uncommon trap: reason=unstable_if action=reinterpret pc=0x00007f4dd527dc4c method=com.google.gson.JsonPrimitive.getAsString()Ljava/lang/String; @ 4
Event: 6.248 Thread 0x00007f4de400b000 Uncommon trap: reason=predicate action=maybe_recompile pc=0x00007f4dd53d88f4 method=java.util.AbstractCollection.toArray([Ljava/lang/Object;)[Ljava/lang/Object; @ 49

Internal exceptions (10 events):
Event: 5.789 Thread 0x00007f4de400b000 Exception <a 'java/lang/ClassCastException'> (0x0000000772bb7fc8) thrown at [/HUDSON/workspace/8-2-build-linux-amd64/jdk8u71/5731/hotspot/src/share/vm/runtime/sharedRuntime.cpp, line 605]
Event: 5.789 Thread 0x00007f4de400b000 Exception <a 'java/lang/ClassCastException'> (0x0000000772bc4628) thrown at [/HUDSON/workspace/8-2-build-linux-amd64/jdk8u71/5731/hotspot/src/share/vm/runtime/sharedRuntime.cpp, line 605]
Event: 5.790 Thread 0x00007f4de400b000 Exception <a 'java/lang/ClassCastException'> (0x0000000772bdbbc8) thrown at [/HUDSON/workspace/8-2-build-linux-amd64/jdk8u71/5731/hotspot/src/share/vm/runtime/sharedRuntime.cpp, line 605]
Event: 5.791 Thread 0x00007f4de400b000 Exception <a 'java/lang/ClassCastException'> (0x0000000772c0d400) thrown at [/HUDSON/workspace/8-2-build-linux-amd64/jdk8u71/5731/hotspot/src/share/vm/runtime/sharedRuntime.cpp, line 605]
Event: 5.791 Thread 0x00007f4de400b000 Exception <a 'java/lang/ClassCastException'> (0x0000000772c23298) thrown at [/HUDSON/workspace/8-2-build-linux-amd64/jdk8u71/5731/hotspot/src/share/vm/runtime/sharedRuntime.cpp, line 605]
Event: 5.791 Thread 0x00007f4de400b000 Exception <a 'java/lang/ClassCastException'> (0x0000000772c23c00) thrown at [/HUDSON/workspace/8-2-build-linux-amd64/jdk8u71/5731/hotspot/src/share/vm/runtime/sharedRuntime.cpp, line 605]
Event: 5.791 Thread 0x00007f4de400b000 Exception <a 'java/lang/ClassCastException'> (0x0000000772c23fa0) thrown at [/HUDSON/workspace/8-2-build-linux-amd64/jdk8u71/5731/hotspot/src/share/vm/runtime/sharedRuntime.cpp, line 605]
Event: 5.791 Thread 0x00007f4de400b000 Exception <a 'java/lang/ClassCastException'> (0x0000000772c2f250) thrown at [/HUDSON/workspace/8-2-build-linux-amd64/jdk8u71/5731/hotspot/src/share/vm/runtime/sharedRuntime.cpp, line 605]
Event: 5.791 Thread 0x00007f4de400b000 Exception <a 'java/lang/ClassCastException'> (0x0000000772c2f750) thrown at [/HUDSON/workspace/8-2-build-linux-amd64/jdk8u71/5731/hotspot/src/share/vm/runtime/sharedRuntime.cpp, line 605]
Event: 5.792 Thread 0x00007f4de400b000 Exception <a 'java/lang/ClassCastException'> (0x0000000772c42b10) thrown at [/HUDSON/workspace/8-2-build-linux-amd64/jdk8u71/5731/hotspot/src/share/vm/runtime/sharedRuntime.cpp, line 605]

Events (10 events):
Event: 9.606 Executing VM operation: ParallelGCFailedAllocation done
Event: 9.699 Executing VM operation: ParallelGCFailedAllocation
Event: 10.019 Executing VM operation: ParallelGCFailedAllocation done
Event: 10.109 Executing VM operation: ParallelGCFailedAllocation
Event: 10.542 Executing VM operation: ParallelGCFailedAllocation done
Event: 10.620 Executing VM operation: ParallelGCFailedAllocation
Event: 11.010 Executing VM operation: ParallelGCFailedAllocation done
Event: 11.093 Executing VM operation: ParallelGCFailedAllocation
Event: 17.923 Executing VM operation: ParallelGCFailedAllocation done
Event: 18.249 Executing VM operation: ParallelGCFailedAllocation


Dynamic libraries:
00400000-00401000 r-xp 00000000 08:02 21366759                           /home/paras.mal/Documents/jdk1.8.0_11/bin/java
00600000-00601000 rw-p 00000000 08:02 21366759                           /home/paras.mal/Documents/jdk1.8.0_11/bin/java
0223e000-0225f000 rw-p 00000000 00:00 0                                  [heap]
6c7200000-702f00000 rw-p 00000000 00:00 0 
71d200000-76d100000 ---p 00000000 00:00 0 
76d100000-7b2100000 rw-p 00000000 00:00 0 
7b2100000-7c0000000 ---p 00000000 00:00 0 
7c0000000-7c00a0000 rw-p 00000000 00:00 0 
7c00a0000-800000000 ---p 00000000 00:00 0 
7f4d8c000000-7f4d8c021000 rw-p 00000000 00:00 0 
7f4d8c021000-7f4d90000000 ---p 00000000 00:00 0 
7f4d94000000-7f4d94021000 rw-p 00000000 00:00 0 
7f4d94021000-7f4d98000000 ---p 00000000 00:00 0 
7f4d98000000-7f4d98021000 rw-p 00000000 00:00 0 
7f4d98021000-7f4d9c000000 ---p 00000000 00:00 0 
7f4d9c000000-7f4d9d501000 rw-p 00000000 00:00 0 
7f4d9d501000-7f4da0000000 ---p 00000000 00:00 0 
7f4da0000000-7f4da049e000 rw-p 00000000 00:00 0 
7f4da049e000-7f4da4000000 ---p 00000000 00:00 0 
7f4da4000000-7f4da4021000 rw-p 00000000 00:00 0 
7f4da4021000-7f4da8000000 ---p 00000000 00:00 0 
7f4da8000000-7f4da8efa000 rw-p 00000000 00:00 0 
7f4da8efa000-7f4dac000000 ---p 00000000 00:00 0 
7f4dac000000-7f4dac021000 rw-p 00000000 00:00 0 
7f4dac021000-7f4db0000000 ---p 00000000 00:00 0 
7f4db0000000-7f4db0021000 rw-p 00000000 00:00 0 
7f4db0021000-7f4db4000000 ---p 00000000 00:00 0 
7f4db4000000-7f4db428e000 rw-p 00000000 00:00 0 
7f4db428e000-7f4db8000000 ---p 00000000 00:00 0 
7f4db8390000-7f4dc0000000 rw-p 00000000 00:00 0 
7f4dc0000000-7f4dc0021000 rw-p 00000000 00:00 0 
7f4dc0021000-7f4dc4000000 ---p 00000000 00:00 0 
7f4dc4000000-7f4dc4021000 rw-p 00000000 00:00 0 
7f4dc4021000-7f4dc8000000 ---p 00000000 00:00 0 
7f4dc8000000-7f4dc81d1000 rw-p 00000000 00:00 0 
7f4dc81d1000-7f4dcc000000 ---p 00000000 00:00 0 
7f4dcde94000-7f4dcdec5000 rw-p 00000000 00:00 0 
7f4dcdec5000-7f4dcdedb000 r-xp 00000000 08:02 21365118                   /home/paras.mal/Documents/jdk1.8.0_11/jre/lib/amd64/libnet.so
7f4dcdedb000-7f4dce0db000 ---p 00016000 08:02 21365118                   /home/paras.mal/Documents/jdk1.8.0_11/jre/lib/amd64/libnet.so
7f4dce0db000-7f4dce0dc000 rw-p 00016000 08:02 21365118                   /home/paras.mal/Documents/jdk1.8.0_11/jre/lib/amd64/libnet.so
7f4dce0dc000-7f4dce0df000 ---p 00000000 00:00 0 
7f4dce0df000-7f4dce1dd000 rw-p 00000000 00:00 0 
7f4dce1dd000-7f4dce1de000 r-xp 00000000 08:02 23866522                   /home/paras.mal/Downloads/ideaIU-14.1.7/idea-IU-141.3058.30/bin/libbreakgen64.so
7f4dce1de000-7f4dce3dd000 ---p 00001000 08:02 23866522                   /home/paras.mal/Downloads/ideaIU-14.1.7/idea-IU-141.3058.30/bin/libbreakgen64.so
7f4dce3dd000-7f4dce3de000 r--p 00000000 08:02 23866522                   /home/paras.mal/Downloads/ideaIU-14.1.7/idea-IU-141.3058.30/bin/libbreakgen64.so
7f4dce3de000-7f4dce3df000 rw-p 00001000 08:02 23866522                   /home/paras.mal/Downloads/ideaIU-14.1.7/idea-IU-141.3058.30/bin/libbreakgen64.so
7f4dce3df000-7f4dce3f2000 r--s 000d6000 08:02 21364947                   /home/paras.mal/Documents/jdk1.8.0_11/jre/lib/plugin.jar
7f4dce3f2000-7f4dce404000 r--s 00345000 08:02 21364978                   /home/paras.mal/Documents/jdk1.8.0_11/jre/lib/resources.jar
7f4dce404000-7f4dce41f000 r--s 00207000 08:02 21364994                   /home/paras.mal/Documents/jdk1.8.0_11/jre/lib/deploy.jar
7f4dce41f000-7f4dce420000 ---p 00000000 00:00 0 
7f4dce420000-7f4dce520000 rw-p 00000000 00:00 0 
7f4dce520000-7f4dce523000 ---p 00000000 00:00 0 
7f4dce523000-7f4dce621000 rw-p 00000000 00:00 0 
7f4dce621000-7f4dce622000 ---p 00000000 00:00 0 
7f4dce622000-7f4dce625000 ---p 00000000 00:00 0 
7f4dce625000-7f4dce722000 rw-p 00000000 00:00 0 
7f4dce722000-7f4dce723000 ---p 00000000 00:00 0 
7f4dce723000-7f4dce726000 ---p 00000000 00:00 0 
7f4dce726000-7f4dce823000 rw-p 00000000 00:00 0 
7f4dce823000-7f4dce824000 ---p 00000000 00:00 0 
7f4dce824000-7f4dce827000 ---p 00000000 00:00 0 
7f4dce827000-7f4dce924000 rw-p 00000000 00:00 0 
7f4dce924000-7f4dce927000 ---p 00000000 00:00 0 
7f4dce927000-7f4dcea25000 rw-p 00000000 00:00 0 
7f4dcea25000-7f4dcf3f4000 r--p 00000000 08:02 16521838                   /usr/lib/locale/locale-archive
7f4dcf3f4000-7f4dcf3f7000 ---p 00000000 00:00 0 
7f4dcf3f7000-7f4dcf4f5000 rw-p 00000000 00:00 0 
7f4dcf4f5000-7f4dcf4f8000 ---p 00000000 00:00 0 
7f4dcf4f8000-7f4dcf5f6000 rw-p 00000000 00:00 0 
7f4dcf5f6000-7f4dcf5f7000 ---p 00000000 00:00 0 
7f4dcf5f7000-7f4dd0000000 rw-p 00000000 00:00 0 
7f4dd0000000-7f4dd0021000 rw-p 00000000 00:00 0 
7f4dd0021000-7f4dd4000000 ---p 00000000 00:00 0 
7f4dd4001000-7f4dd4628000 rw-p 00000000 00:00 0 
7f4dd4628000-7f4dd4800000 r--s 03d23000 08:02 21365092                   /home/paras.mal/Documents/jdk1.8.0_11/jre/lib/rt.jar
7f4dd4800000-7f4dd4cc0000 rw-p 00000000 00:00 0 
7f4dd4cc0000-7f4dd5000000 ---p 00000000 00:00 0 
7f4dd5000000-7f4dd5400000 rwxp 00000000 00:00 0 
7f4dd5400000-7f4de4000000 ---p 00000000 00:00 0 
7f4de4000000-7f4de43e7000 rw-p 00000000 00:00 0 
7f4de43e7000-7f4de8000000 ---p 00000000 00:00 0 
7f4de8002000-7f4de8004000 r--s 00016000 08:02 26479694                   /home/paras.mal/Downloads/ideaIU-14.1.7/idea-IU-141.3058.30/lib/idea_rt.jar
7f4de8004000-7f4de8009000 r--s 00034000 08:02 27528824                   /home/paras.mal/.m2/repository/com/google/code/gson/gson/2.7/gson-2.7.jar
7f4de8009000-7f4de8919000 rw-p 00000000 00:00 0 
7f4de8919000-7f4de891a000 ---p 00000000 00:00 0 
7f4de891a000-7f4de8a1a000 rw-p 00000000 00:00 0 
7f4de8a1a000-7f4de8a1b000 ---p 00000000 00:00 0 
7f4de8a1b000-7f4de8b1b000 rw-p 00000000 00:00 0 
7f4de8b1b000-7f4de8b1c000 ---p 00000000 00:00 0 
7f4de8b1c000-7f4de8c1c000 rw-p 00000000 00:00 0 
7f4de8c1c000-7f4de8c1d000 ---p 00000000 00:00 0 
7f4de8c1d000-7f4de8efc000 rw-p 00000000 00:00 0 
7f4de8efc000-7f4de924d000 ---p 00000000 00:00 0 
7f4de924d000-7f4de942c000 rw-p 00000000 00:00 0 
7f4de942c000-7f4de977c000 ---p 00000000 00:00 0 
7f4de977c000-7f4de99a5000 rw-p 00000000 00:00 0 
7f4de99a5000-7f4de9a14000 ---p 00000000 00:00 0 
7f4de9a14000-7f4de9a25000 rw-p 00000000 00:00 0 
7f4de9a25000-7f4de9dd5000 ---p 00000000 00:00 0 
7f4de9dd5000-7f4de9def000 r-xp 00000000 08:02 21365120                   /home/paras.mal/Documents/jdk1.8.0_11/jre/lib/amd64/libzip.so
7f4de9def000-7f4de9fef000 ---p 0001a000 08:02 21365120                   /home/paras.mal/Documents/jdk1.8.0_11/jre/lib/amd64/libzip.so
7f4de9fef000-7f4de9ff0000 rw-p 0001a000 08:02 21365120                   /home/paras.mal/Documents/jdk1.8.0_11/jre/lib/amd64/libzip.so
7f4de9ff0000-7f4de9ffb000 r-xp 00000000 08:02 4723428                    /lib/x86_64-linux-gnu/libnss_files-2.27.so
7f4de9ffb000-7f4dea1fa000 ---p 0000b000 08:02 4723428                    /lib/x86_64-linux-gnu/libnss_files-2.27.so
7f4dea1fa000-7f4dea1fb000 r--p 0000a000 08:02 4723428                    /lib/x86_64-linux-gnu/libnss_files-2.27.so
7f4dea1fb000-7f4dea1fc000 rw-p 0000b000 08:02 4723428                    /lib/x86_64-linux-gnu/libnss_files-2.27.so
7f4dea1fc000-7f4dea202000 rw-p 00000000 00:00 0 
7f4dea202000-7f4dea219000 r-xp 00000000 08:02 4723422                    /lib/x86_64-linux-gnu/libnsl-2.27.so
7f4dea219000-7f4dea418000 ---p 00017000 08:02 4723422                    /lib/x86_64-linux-gnu/libnsl-2.27.so
7f4dea418000-7f4dea419000 r--p 00016000 08:02 4723422                    /lib/x86_64-linux-gnu/libnsl-2.27.so
7f4dea419000-7f4dea41a000 rw-p 00017000 08:02 4723422                    /lib/x86_64-linux-gnu/libnsl-2.27.so
7f4dea41a000-7f4dea41c000 rw-p 00000000 00:00 0 
7f4dea41c000-7f4dea427000 r-xp 00000000 08:02 4723439                    /lib/x86_64-linux-gnu/libnss_nis-2.27.so
7f4dea427000-7f4dea626000 ---p 0000b000 08:02 4723439                    /lib/x86_64-linux-gnu/libnss_nis-2.27.so
7f4dea626000-7f4dea627000 r--p 0000a000 08:02 4723439                    /lib/x86_64-linux-gnu/libnss_nis-2.27.so
7f4dea627000-7f4dea628000 rw-p 0000b000 08:02 4723439                    /lib/x86_64-linux-gnu/libnss_nis-2.27.so
7f4dea628000-7f4dea630000 r-xp 00000000 08:02 4723424                    /lib/x86_64-linux-gnu/libnss_compat-2.27.so
7f4dea630000-7f4dea830000 ---p 00008000 08:02 4723424                    /lib/x86_64-linux-gnu/libnss_compat-2.27.so
7f4dea830000-7f4dea831000 r--p 00008000 08:02 4723424                    /lib/x86_64-linux-gnu/libnss_compat-2.27.so
7f4dea831000-7f4dea832000 rw-p 00009000 08:02 4723424                    /lib/x86_64-linux-gnu/libnss_compat-2.27.so
7f4dea832000-7f4dea85c000 r-xp 00000000 08:02 21365137                   /home/paras.mal/Documents/jdk1.8.0_11/jre/lib/amd64/libjava.so
7f4dea85c000-7f4deaa5c000 ---p 0002a000 08:02 21365137                   /home/paras.mal/Documents/jdk1.8.0_11/jre/lib/amd64/libjava.so
7f4deaa5c000-7f4deaa5e000 rw-p 0002a000 08:02 21365137                   /home/paras.mal/Documents/jdk1.8.0_11/jre/lib/amd64/libjava.so
7f4deaa5e000-7f4deaa6b000 r-xp 00000000 08:02 21365165                   /home/paras.mal/Documents/jdk1.8.0_11/jre/lib/amd64/libverify.so
7f4deaa6b000-7f4deac6b000 ---p 0000d000 08:02 21365165                   /home/paras.mal/Documents/jdk1.8.0_11/jre/lib/amd64/libverify.so
7f4deac6b000-7f4deac6d000 rw-p 0000d000 08:02 21365165                   /home/paras.mal/Documents/jdk1.8.0_11/jre/lib/amd64/libverify.so
7f4deac6d000-7f4deac74000 r-xp 00000000 08:02 4723479                    /lib/x86_64-linux-gnu/librt-2.27.so
7f4deac74000-7f4deae73000 ---p 00007000 08:02 4723479                    /lib/x86_64-linux-gnu/librt-2.27.so
7f4deae73000-7f4deae74000 r--p 00006000 08:02 4723479                    /lib/x86_64-linux-gnu/librt-2.27.so
7f4deae74000-7f4deae75000 rw-p 00007000 08:02 4723479                    /lib/x86_64-linux-gnu/librt-2.27.so
7f4deae75000-7f4deb012000 r-xp 00000000 08:02 4723401                    /lib/x86_64-linux-gnu/libm-2.27.so
7f4deb012000-7f4deb211000 ---p 0019d000 08:02 4723401                    /lib/x86_64-linux-gnu/libm-2.27.so
7f4deb211000-7f4deb212000 r--p 0019c000 08:02 4723401                    /lib/x86_64-linux-gnu/libm-2.27.so
7f4deb212000-7f4deb213000 rw-p 0019d000 08:02 4723401                    /lib/x86_64-linux-gnu/libm-2.27.so
7f4deb213000-7f4debed2000 r-xp 00000000 08:02 21365131                   /home/paras.mal/Documents/jdk1.8.0_11/jre/lib/amd64/server/libjvm.so
7f4debed2000-7f4dec0d1000 ---p 00cbf000 08:02 21365131                   /home/paras.mal/Documents/jdk1.8.0_11/jre/lib/amd64/server/libjvm.so
7f4dec0d1000-7f4dec1aa000 rw-p 00cbe000 08:02 21365131                   /home/paras.mal/Documents/jdk1.8.0_11/jre/lib/amd64/server/libjvm.so
7f4dec1aa000-7f4dec1f3000 rw-p 00000000 00:00 0 
7f4dec1f3000-7f4dec3da000 r-xp 00000000 08:02 4723338                    /lib/x86_64-linux-gnu/libc-2.27.so
7f4dec3da000-7f4dec5da000 ---p 001e7000 08:02 4723338                    /lib/x86_64-linux-gnu/libc-2.27.so
7f4dec5da000-7f4dec5de000 r--p 001e7000 08:02 4723338                    /lib/x86_64-linux-gnu/libc-2.27.so
7f4dec5de000-7f4dec5e0000 rw-p 001eb000 08:02 4723338                    /lib/x86_64-linux-gnu/libc-2.27.so
7f4dec5e0000-7f4dec5e4000 rw-p 00000000 00:00 0 
7f4dec5e4000-7f4dec5e7000 r-xp 00000000 08:02 4723361                    /lib/x86_64-linux-gnu/libdl-2.27.so
7f4dec5e7000-7f4dec7e6000 ---p 00003000 08:02 4723361                    /lib/x86_64-linux-gnu/libdl-2.27.so
7f4dec7e6000-7f4dec7e7000 r--p 00002000 08:02 4723361                    /lib/x86_64-linux-gnu/libdl-2.27.so
7f4dec7e7000-7f4dec7e8000 rw-p 00003000 08:02 4723361                    /lib/x86_64-linux-gnu/libdl-2.27.so
7f4dec7e8000-7f4dec7fd000 r-xp 00000000 08:02 21366021                   /home/paras.mal/Documents/jdk1.8.0_11/lib/amd64/jli/libjli.so
7f4dec7fd000-7f4dec9fd000 ---p 00015000 08:02 21366021                   /home/paras.mal/Documents/jdk1.8.0_11/lib/amd64/jli/libjli.so
7f4dec9fd000-7f4dec9fe000 rw-p 00015000 08:02 21366021                   /home/paras.mal/Documents/jdk1.8.0_11/lib/amd64/jli/libjli.so
7f4dec9fe000-7f4deca18000 r-xp 00000000 08:02 4723471                    /lib/x86_64-linux-gnu/libpthread-2.27.so
7f4deca18000-7f4decc17000 ---p 0001a000 08:02 4723471                    /lib/x86_64-linux-gnu/libpthread-2.27.so
7f4decc17000-7f4decc18000 r--p 00019000 08:02 4723471                    /lib/x86_64-linux-gnu/libpthread-2.27.so
7f4decc18000-7f4decc19000 rw-p 0001a000 08:02 4723471                    /lib/x86_64-linux-gnu/libpthread-2.27.so
7f4decc19000-7f4decc1d000 rw-p 00000000 00:00 0 
7f4decc1d000-7f4decc44000 r-xp 00000000 08:02 4723310                    /lib/x86_64-linux-gnu/ld-2.27.so
7f4decc45000-7f4decc48000 r--s 0001a000 08:02 21365086                   /home/paras.mal/Documents/jdk1.8.0_11/jre/lib/jce.jar
7f4decc48000-7f4decc4a000 r--s 00007000 08:02 21364963                   /home/paras.mal/Documents/jdk1.8.0_11/jre/lib/jfxswt.jar
7f4decc4a000-7f4decc50000 r--s 002f8000 08:02 21364967                   /home/paras.mal/Documents/jdk1.8.0_11/jre/lib/charsets.jar
7f4decc50000-7f4decc54000 r--s 00097000 08:02 21364964                   /home/paras.mal/Documents/jdk1.8.0_11/jre/lib/jsse.jar
7f4decc54000-7f4decd25000 rw-p 00000000 00:00 0 
7f4decd25000-7f4decd26000 ---p 00000000 00:00 0 
7f4decd26000-7f4decd29000 ---p 00000000 00:00 0 
7f4decd29000-7f4dece28000 rw-p 00000000 00:00 0 
7f4dece28000-7f4dece32000 r--s 0006b000 08:02 21364999                   /home/paras.mal/Documents/jdk1.8.0_11/jre/lib/javaws.jar
7f4dece32000-7f4dece37000 r--s 00084000 08:02 21365106                   /home/paras.mal/Documents/jdk1.8.0_11/jre/lib/jfr.jar
7f4dece37000-7f4dece38000 r--s 00000000 08:02 21364998                   /home/paras.mal/Documents/jdk1.8.0_11/jre/lib/management-agent.jar
7f4dece38000-7f4dece40000 rw-s 00000000 08:02 8129659                    /tmp/hsperfdata_paras.mal/12923
7f4dece40000-7f4dece41000 rw-p 00000000 00:00 0 
7f4dece41000-7f4dece42000 ---p 00000000 00:00 0 
7f4dece42000-7f4dece44000 rw-p 00000000 00:00 0 
7f4dece44000-7f4dece45000 r--p 00027000 08:02 4723310                    /lib/x86_64-linux-gnu/ld-2.27.so
7f4dece45000-7f4dece46000 rw-p 00028000 08:02 4723310                    /lib/x86_64-linux-gnu/ld-2.27.so
7f4dece46000-7f4dece47000 rw-p 00000000 00:00 0 
7fff44767000-7fff44789000 rw-p 00000000 00:00 0                          [stack]
7fff447f7000-7fff447fa000 r--p 00000000 00:00 0                          [vvar]
7fff447fa000-7fff447fc000 r-xp 00000000 00:00 0                          [vdso]
ffffffffff600000-ffffffffff601000 r-xp 00000000 00:00 0                  [vsyscall]

VM Arguments:
jvm_args: -Didea.launcher.port=7536 -Didea.launcher.bin.path=/home/paras.mal/Downloads/ideaIU-14.1.7/idea-IU-141.3058.30/bin -Dfile.encoding=UTF-8 
java_command: com.intellij.rt.execution.application.AppMain model.reader.JsonReader
java_class_path (initial): /home/paras.mal/Documents/jdk1.8.0_11/jre/lib/deploy.jar:/home/paras.mal/Documents/jdk1.8.0_11/jre/lib/management-agent.jar:/home/paras.mal/Documents/jdk1.8.0_11/jre/lib/rt.jar:/home/paras.mal/Documents/jdk1.8.0_11/jre/lib/jfr.jar:/home/paras.mal/Documents/jdk1.8.0_11/jre/lib/resources.jar:/home/paras.mal/Documents/jdk1.8.0_11/jre/lib/plugin.jar:/home/paras.mal/Documents/jdk1.8.0_11/jre/lib/javaws.jar:/home/paras.mal/Documents/jdk1.8.0_11/jre/lib/jsse.jar:/home/paras.mal/Documents/jdk1.8.0_11/jre/lib/charsets.jar:/home/paras.mal/Documents/jdk1.8.0_11/jre/lib/jfxswt.jar:/home/paras.mal/Documents/jdk1.8.0_11/jre/lib/jce.jar:/home/paras.mal/Documents/jdk1.8.0_11/jre/lib/ext/dnsns.jar:/home/paras.mal/Documents/jdk1.8.0_11/jre/lib/ext/sunpkcs11.jar:/home/paras.mal/Documents/jdk1.8.0_11/jre/lib/ext/localedata.jar:/home/paras.mal/Documents/jdk1.8.0_11/jre/lib/ext/jaccess.jar:/home/paras.mal/Documents/jdk1.8.0_11/jre/lib/ext/sunjce_provider.jar:/home/paras.mal/Documents/jdk1.8.0_11/jre/lib/ext/nashorn.jar:/home/paras.mal/Documents/jdk1.8.0_11/jre/lib/ext/jfxrt.jar:/home/paras.mal/Documents/jdk1.8.0_11/jre/lib/ext/sunec.jar:/home/paras.mal/Documents/jdk1.8.0_11/jre/lib/ext/cldrdata.jar:/home/paras.mal/Documents/jdk1.8.0_11/jre/lib/ext/zipfs.jar:/home/paras.mal/Documents/office/CatBoost4J/target/classes:/home/paras.mal/.m2/repository/com/google/code/gson/gson/2.7/gson-2.7.jar:/home/paras.mal/Downloads/ideaIU-14.1.7/idea-IU-141.3058.30/lib/idea_rt.jar
Launcher Type: SUN_STANDARD

Environment Variables:
JAVA_HOME=/home/paras.mal/Documents/jdk1.8.0_11/
PATH=/home/paras.mal/.local/bin:/usr/local/sbin:/usr/local/bin:/usr/sbin:/usr/bin:/sbin:/bin:/usr/games:/usr/local/games:/snap/bin:/home/paras.mal/Downloads/ideaIU-14.1.7/idea-IU-141.3058.30/bin/:/home/paras.mal/Documents/jdk1.8.0_11/bin/
USERNAME=paras.mal
LD_LIBRARY_PATH=/home/paras.mal/Downloads/ideaIU-14.1.7/idea-IU-141.3058.30/bin:
SHELL=/bin/bash
DISPLAY=:0

Signal Handlers:
SIGSEGV: [libjvm.so+0xabafa0], sa_mask[0]=11111111011111111101111111111110, sa_flags=SA_RESTART|SA_SIGINFO
SIGBUS: [libjvm.so+0xabafa0], sa_mask[0]=11111111011111111101111111111110, sa_flags=SA_RESTART|SA_SIGINFO
SIGFPE: [libjvm.so+0x9183c0], sa_mask[0]=11111111011111111101111111111110, sa_flags=SA_RESTART|SA_SIGINFO
SIGPIPE: [libjvm.so+0x9183c0], sa_mask[0]=11111111011111111101111111111110, sa_flags=SA_RESTART|SA_SIGINFO
SIGXFSZ: [libjvm.so+0x9183c0], sa_mask[0]=11111111011111111101111111111110, sa_flags=SA_RESTART|SA_SIGINFO
SIGILL: [libjvm.so+0x9183c0], sa_mask[0]=11111111011111111101111111111110, sa_flags=SA_RESTART|SA_SIGINFO
SIGUSR1: SIG_DFL, sa_mask[0]=00000000000000000000000000000000, sa_flags=none
SIGUSR2: [libjvm.so+0x9199f0], sa_mask[0]=00100000000000000000000000000000, sa_flags=SA_RESTART|SA_SIGINFO
SIGHUP: [libjvm.so+0x91adf0], sa_mask[0]=11111111011111111101111111111110, sa_flags=SA_RESTART|SA_SIGINFO
SIGINT: [libjvm.so+0x91adf0], sa_mask[0]=11111111011111111101111111111110, sa_flags=SA_RESTART|SA_SIGINFO
SIGTERM: [libjvm.so+0x91adf0], sa_mask[0]=11111111011111111101111111111110, sa_flags=SA_RESTART|SA_SIGINFO
SIGQUIT: [libjvm.so+0x91adf0], sa_mask[0]=11111111011111111101111111111110, sa_flags=SA_RESTART|SA_SIGINFO


---------------  S Y S T E M  ---------------

OS:DISTRIB_ID=Ubuntu
DISTRIB_RELEASE=18.04
DISTRIB_CODENAME=bionic
DISTRIB_DESCRIPTION="Ubuntu 18.04.1 LTS"

uname:Linux 4.15.0-91-generic #92-Ubuntu SMP Fri Feb 28 11:09:48 UTC 2020 x86_64
libc:glibc 2.27 NPTL 2.27 
rlimit: STACK 8192k, CORE 0k, NPROC 63061, NOFILE 4096, AS infinity
load average:14.72 5.87 5.01

/proc/meminfo:
MemTotal:       16306456 kB
MemFree:          136952 kB
MemAvailable:      96152 kB
Buffers:            2964 kB
Cached:           705696 kB
SwapCached:         4640 kB
Active:         13679132 kB
Inactive:        1788256 kB
Active(anon):   13608040 kB
Inactive(anon):  1715364 kB
Active(file):      71092 kB
Inactive(file):    72892 kB
Unevictable:         784 kB
Mlocked:             784 kB
SwapTotal:       2097148 kB
SwapFree:              0 kB
Dirty:               260 kB
Writeback:             0 kB
AnonPages:      14755548 kB
Mapped:           389180 kB
Shmem:            564040 kB
Slab:             296032 kB
SReclaimable:     109028 kB
SUnreclaim:       187004 kB
KernelStack:       31904 kB
PageTables:       192616 kB
NFS_Unstable:          0 kB
Bounce:                0 kB
WritebackTmp:          0 kB
CommitLimit:    10250376 kB
Committed_AS:   38290072 kB
VmallocTotal:   34359738367 kB
VmallocUsed:           0 kB
VmallocChunk:          0 kB
HardwareCorrupted:     0 kB
AnonHugePages:         0 kB
ShmemHugePages:        0 kB
ShmemPmdMapped:        0 kB
CmaTotal:              0 kB
CmaFree:               0 kB
HugePages_Total:       0
HugePages_Free:        0
HugePages_Rsvd:        0
HugePages_Surp:        0
Hugepagesize:       2048 kB
DirectMap4k:      998928 kB
DirectMap2M:    15659008 kB
DirectMap1G:           0 kB


CPU:total 4 (2 cores per cpu, 2 threads per core) family 6 model 78 stepping 3, cmov, cx8, fxsr, mmx, sse, sse2, sse3, ssse3, sse4.1, sse4.2, popcnt, avx, avx2, aes, clmul, erms, 3dnowpref, lzcnt, ht, tsc, tscinvbit, bmi1, bmi2, adx

/proc/cpuinfo:
processor	: 0
vendor_id	: GenuineIntel
cpu family	: 6
model		: 78
model name	: Intel(R) Core(TM) i7-6500U CPU @ 2.50GHz
stepping	: 3
microcode	: 0xd6
cpu MHz		: 2800.000
cache size	: 4096 KB
physical id	: 0
siblings	: 4
core id		: 0
cpu cores	: 2
apicid		: 0
initial apicid	: 0
fpu		: yes
fpu_exception	: yes
cpuid level	: 22
wp		: yes
flags		: fpu vme de pse tsc msr pae mce cx8 apic sep mtrr pge mca cmov pat pse36 clflush dts acpi mmx fxsr sse sse2 ss ht tm pbe syscall nx pdpe1gb rdtscp lm constant_tsc art arch_perfmon pebs bts rep_good nopl xtopology nonstop_tsc cpuid aperfmperf tsc_known_freq pni pclmulqdq dtes64 monitor ds_cpl vmx est tm2 ssse3 sdbg fma cx16 xtpr pdcm pcid sse4_1 sse4_2 x2apic movbe popcnt tsc_deadline_timer aes xsave avx f16c rdrand lahf_lm abm 3dnowprefetch cpuid_fault epb invpcid_single pti ssbd ibrs ibpb stibp tpr_shadow vnmi flexpriority ept vpid fsgsbase tsc_adjust bmi1 avx2 smep bmi2 erms invpcid mpx rdseed adx smap clflushopt intel_pt xsaveopt xsavec xgetbv1 xsaves dtherm ida arat pln pts hwp hwp_notify hwp_act_window hwp_epp md_clear flush_l1d
bugs		: cpu_meltdown spectre_v1 spectre_v2 spec_store_bypass l1tf mds swapgs itlb_multihit
bogomips	: 5184.00
clflush size	: 64
cache_alignment	: 64
address sizes	: 39 bits physical, 48 bits virtual
power management:

processor	: 1
vendor_id	: GenuineIntel
cpu family	: 6
model		: 78
model name	: Intel(R) Core(TM) i7-6500U CPU @ 2.50GHz
stepping	: 3
microcode	: 0xd6
cpu MHz		: 2800.075
cache size	: 4096 KB
physical id	: 0
siblings	: 4
core id		: 1
cpu cores	: 2
apicid		: 2
initial apicid	: 2
fpu		: yes
fpu_exception	: yes
cpuid level	: 22
wp		: yes
flags		: fpu vme de pse tsc msr pae mce cx8 apic sep mtrr pge mca cmov pat pse36 clflush dts acpi mmx fxsr sse sse2 ss ht tm pbe syscall nx pdpe1gb rdtscp lm constant_tsc art arch_perfmon pebs bts rep_good nopl xtopology nonstop_tsc cpuid aperfmperf tsc_known_freq pni pclmulqdq dtes64 monitor ds_cpl vmx est tm2 ssse3 sdbg fma cx16 xtpr pdcm pcid sse4_1 sse4_2 x2apic movbe popcnt tsc_deadline_timer aes xsave avx f16c rdrand lahf_lm abm 3dnowprefetch cpuid_fault epb invpcid_single pti ssbd ibrs ibpb stibp tpr_shadow vnmi flexpriority ept vpid fsgsbase tsc_adjust bmi1 avx2 smep bmi2 erms invpcid mpx rdseed adx smap clflushopt intel_pt xsaveopt xsavec xgetbv1 xsaves dtherm ida arat pln pts hwp hwp_notify hwp_act_window hwp_epp md_clear flush_l1d
bugs		: cpu_meltdown spectre_v1 spectre_v2 spec_store_bypass l1tf mds swapgs itlb_multihit
bogomips	: 5184.00
clflush size	: 64
cache_alignment	: 64
address sizes	: 39 bits physical, 48 bits virtual
power management:

processor	: 2
vendor_id	: GenuineIntel
cpu family	: 6
model		: 78
model name	: Intel(R) Core(TM) i7-6500U CPU @ 2.50GHz
stepping	: 3
microcode	: 0xd6
cpu MHz		: 2800.012
cache size	: 4096 KB
physical id	: 0
siblings	: 4
core id		: 0
cpu cores	: 2
apicid		: 1
initial apicid	: 1
fpu		: yes
fpu_exception	: yes
cpuid level	: 22
wp		: yes
flags		: fpu vme de pse tsc msr pae mce cx8 apic sep mtrr pge mca cmov pat pse36 clflush dts acpi mmx fxsr sse sse2 ss ht tm pbe syscall nx pdpe1gb rdtscp lm constant_tsc art arch_perfmon pebs bts rep_good nopl xtopology nonstop_tsc cpuid aperfmperf tsc_known_freq pni pclmulqdq dtes64 monitor ds_cpl vmx est tm2 ssse3 sdbg fma cx16 xtpr pdcm pcid sse4_1 sse4_2 x2apic movbe popcnt tsc_deadline_timer aes xsave avx f16c rdrand lahf_lm abm 3dnowprefetch cpuid_fault epb invpcid_single pti ssbd ibrs ibpb stibp tpr_shadow vnmi flexpriority ept vpid fsgsbase tsc_adjust bmi1 avx2 smep bmi2 erms invpcid mpx rdseed adx smap clflushopt intel_pt xsaveopt xsavec xgetbv1 xsaves dtherm ida arat pln pts hwp hwp_notify hwp_act_window hwp_epp md_clear flush_l1d
bugs		: cpu_meltdown spectre_v1 spectre_v2 spec_store_bypass l1tf mds swapgs itlb_multihit
bogomips	: 5184.00
clflush size	: 64
cache_alignment	: 64
address sizes	: 39 bits physical, 48 bits virtual
power management:

processor	: 3
vendor_id	: GenuineIntel
cpu family	: 6
model		: 78
model name	: Intel(R) Core(TM) i7-6500U CPU @ 2.50GHz
stepping	: 3
microcode	: 0xd6
cpu MHz		: 2800.078
cache size	: 4096 KB
physical id	: 0
siblings	: 4
core id		: 1
cpu cores	: 2
apicid		: 3
initial apicid	: 3
fpu		: yes
fpu_exception	: yes
cpuid level	: 22
wp		: yes
flags		: fpu vme de pse tsc msr pae mce cx8 apic sep mtrr pge mca cmov pat pse36 clflush dts acpi mmx fxsr sse sse2 ss ht tm pbe syscall nx pdpe1gb rdtscp lm constant_tsc art arch_perfmon pebs bts rep_good nopl xtopology nonstop_tsc cpuid aperfmperf tsc_known_freq pni pclmulqdq dtes64 monitor ds_cpl vmx est tm2 ssse3 sdbg fma cx16 xtpr pdcm pcid sse4_1 sse4_2 x2apic movbe popcnt tsc_deadline_timer aes xsave avx f16c rdrand lahf_lm abm 3dnowprefetch cpuid_fault epb invpcid_single pti ssbd ibrs ibpb stibp tpr_shadow vnmi flexpriority ept vpid fsgsbase tsc_adjust bmi1 avx2 smep bmi2 erms invpcid mpx rdseed adx smap clflushopt intel_pt xsaveopt xsavec xgetbv1 xsaves dtherm ida arat pln pts hwp hwp_notify hwp_act_window hwp_epp md_clear flush_l1d
bugs		: cpu_meltdown spectre_v1 spectre_v2 spec_store_bypass l1tf mds swapgs itlb_multihit
bogomips	: 5184.00
clflush size	: 64
cache_alignment	: 64
address sizes	: 39 bits physical, 48 bits virtual
power management:



Memory: 4k page, physical 16306456k(141288k free), swap 2097148k(0k free)

vm_info: Java HotSpot(TM) 64-Bit Server VM (25.71-b15) for linux-amd64 JRE (1.8.0_71-b15), built on Dec 22 2015 18:21:33 by "java_re" with gcc 4.3.0 20080428 (Red Hat 4.3.0-8)

time: Sun Apr 12 01:00:48 2020
elapsed time: 24 seconds (0d 0h 0m 24s)

