#
# There is insufficient memory for the Java Runtime Environment to continue.
# Native memory allocation (mmap) failed to map 735576064 bytes for committing reserved memory.
# Possible reasons:
#   The system is out of physical RAM or swap space
#   In 32 bit mode, the process size limit was hit
# Possible solutions:
#   Reduce memory load on the system
#   Increase physical memory or swap space
#   Check if swap backing store is full
#   Use 64 bit Java on a 64 bit OS
#   Decrease Java heap size (-Xmx/-Xms)
#   Decrease number of Java threads
#   Decrease Java thread stack sizes (-Xss)
#   Set larger code cache with -XX:ReservedCodeCacheSize=
# This output file may be truncated or incomplete.
#
#  Out of Memory Error (os_linux.cpp:2627), pid=31257, tid=140090533897984
#
# JRE version: Java(TM) SE Runtime Environment (8.0_71-b15) (build 1.8.0_71-b15)
# Java VM: Java HotSpot(TM) 64-Bit Server VM (25.71-b15 mixed mode linux-amd64 compressed oops)
# Failed to write core dump. Core dumps have been disabled. To enable core dumping, try "ulimit -c unlimited" before starting Java again
#

---------------  T H R E A D  ---------------

Current thread (0x00007f697c079800):  VMThread [stack: 0x00007f695e727000,0x00007f695e827000] [id=31265]

Stack: [0x00007f695e727000,0x00007f695e827000],  sp=0x00007f695e8250c0,  free space=1016k
Native frames: (J=compiled Java code, j=interpreted, Vv=VM code, C=native code)
V  [libjvm.so+0xaba71a]  VMError::report_and_die()+0x2ba
V  [libjvm.so+0x4f9ecb]  report_vm_out_of_memory(char const*, int, unsigned long, VMErrorType, char const*)+0x8b
V  [libjvm.so+0x91b553]  os::Linux::commit_memory_impl(char*, unsigned long, bool)+0x103
V  [libjvm.so+0x91baa9]  os::pd_commit_memory(char*, unsigned long, unsigned long, bool)+0x29
V  [libjvm.so+0x915dba]  os::commit_memory(char*, unsigned long, unsigned long, bool)+0x2a
V  [libjvm.so+0x989463]  PSVirtualSpace::expand_by(unsigned long)+0x53
V  [libjvm.so+0x979d50]  PSOldGen::expand(unsigned long)+0x170
V  [libjvm.so+0x979f5b]  PSOldGen::resize(unsigned long)+0x1cb
V  [libjvm.so+0x981c31]  PSParallelCompact::invoke_no_policy(bool)+0x991
V  [libjvm.so+0x98758d]  PSScavenge::invoke()+0x1ad
V  [libjvm.so+0x93f1b0]  ParallelScavengeHeap::failed_mem_allocate(unsigned long)+0x70
V  [libjvm.so+0xabc137]  VM_ParallelGCFailedAllocation::doit()+0x97
V  [libjvm.so+0xac3b65]  VM_Operation::evaluate()+0x55
V  [libjvm.so+0xac1f3a]  VMThread::evaluate_operation(VM_Operation*)+0xba
V  [libjvm.so+0xac22be]  VMThread::loop()+0x1ce
V  [libjvm.so+0xac2730]  VMThread::run()+0x70
V  [libjvm.so+0x91d918]  java_start(Thread*)+0x108

VM_Operation (0x00007f6982542dc0): ParallelGCFailedAllocation, mode: safepoint, requested by thread 0x00007f697c00b000


---------------  P R O C E S S  ---------------

Java Threads: ( => current thread )
  0x00007f697c136800 JavaThread "Monitor Ctrl-Break" daemon [_thread_in_native, id=31288, stack(0x00007f695d1fc000,0x00007f695d2fd000)]
  0x00007f697c0bf000 JavaThread "Service Thread" daemon [_thread_blocked, id=31285, stack(0x00007f695d650000,0x00007f695d751000)]
  0x00007f697c0bc000 JavaThread "C1 CompilerThread2" daemon [_thread_blocked, id=31283, stack(0x00007f695d752000,0x00007f695d852000)]
  0x00007f697c0ba800 JavaThread "C2 CompilerThread1" daemon [_thread_blocked, id=31281, stack(0x00007f695d853000,0x00007f695d953000)]
  0x00007f697c0b8000 JavaThread "C2 CompilerThread0" daemon [_thread_blocked, id=31279, stack(0x00007f695d954000,0x00007f695da54000)]
  0x00007f697c0b4000 JavaThread "Signal Dispatcher" daemon [_thread_blocked, id=31277, stack(0x00007f695da54000,0x00007f695db55000)]
  0x00007f697c080800 JavaThread "Finalizer" daemon [_thread_blocked, id=31272, stack(0x00007f695e524000,0x00007f695e625000)]
  0x00007f697c07e800 JavaThread "Reference Handler" daemon [_thread_blocked, id=31271, stack(0x00007f695e625000,0x00007f695e726000)]
  0x00007f697c00b000 JavaThread "main" [_thread_blocked, id=31258, stack(0x00007f6982445000,0x00007f6982545000)]

Other Threads:
=>0x00007f697c079800 VMThread [stack: 0x00007f695e727000,0x00007f695e827000] [id=31265]
  0x00007f697c0c2000 WatcherThread [stack: 0x00007f695d550000,0x00007f695d650000] [id=31287]

VM state:at safepoint (normal execution)

VM Mutex/Monitor currently owned by a thread:  ([mutex/lock_event])
[0x00007f697c0074a0] ExpandHeap_lock - owner thread: 0x00007f697c079800
[0x00007f697c007b20] Threads_lock - owner thread: 0x00007f697c079800
[0x00007f697c008020] Heap_lock - owner thread: 0x00007f697c00b000

Heap:
 PSYoungGen      total 1068544K, used 159038K [0x0000000755580000, 0x00000007c0000000, 0x00000007c0000000)
  eden space 583168K, 0% used [0x0000000755580000,0x0000000755580000,0x0000000778f00000)
  from space 485376K, 32% used [0x00000007a1d00000,0x00000007ab84fbf0,0x00000007bf700000)
  to   space 582144K, 0% used [0x0000000778f00000,0x0000000778f00000,0x000000079c780000)
 ParOldGen       total 1479680K, used 1479176K [0x0000000680000000, 0x00000006da500000, 0x0000000755580000)
  object space 1479680K, 99% used [0x0000000680000000,0x00000006da482280,0x00000006da500000)
 Metaspace       used 5713K, capacity 5870K, committed 6144K, reserved 1056768K
  class space    used 625K, capacity 699K, committed 768K, reserved 1048576K

Card table byte_map: [0x00007f696b5b6000,0x00007f696bfb7000] byte_map_base: 0x00007f69681b6000

Marking Bits: (ParMarkBitMap*) 0x00007f69818e6fc0
 Begin Bits: [0x00007f6960c08000, 0x00007f6965c08000)
 End Bits:   [0x00007f6965c08000, 0x00007f696ac08000)

Polling page: 0x00007f6982560000

CodeCache: size=245760Kb used=4445Kb max_used=4483Kb free=241314Kb
 bounds [0x00007f696c377000, 0x00007f696c7e7000, 0x00007f697b377000]
 total_blobs=1156 nmethods=879 adapters=191
 compilation: enabled

Compilation events (10 events):
Event: 12.503 Thread 0x00007f697c0bc000 nmethod 883 0x00007f696c7a4e90 code [0x00007f696c7a4fe0, 0x00007f696c7a5130]
Event: 12.503 Thread 0x00007f697c0bc000  885   !   3       java.lang.ref.ReferenceQueue::enqueue (119 bytes)
Event: 12.507 Thread 0x00007f697c0bc000 nmethod 885 0x00007f696c7bd4d0 code [0x00007f696c7bd680, 0x00007f696c7bde08]
Event: 12.528 Thread 0x00007f697c0bc000  886       3       java.lang.ref.Finalizer::access$000 (4 bytes)
Event: 12.528 Thread 0x00007f697c0bc000 nmethod 886 0x00007f696c7a4b90 code [0x00007f696c7a4ce0, 0x00007f696c7a4e30]
Event: 12.529 Thread 0x00007f697c0bc000  887       3       java.lang.ref.ReferenceQueue::remove (6 bytes)
Event: 12.529 Thread 0x00007f697c0bc000 nmethod 887 0x00007f696c7a4790 code [0x00007f696c7a4900, 0x00007f696c7a4b08]
Event: 12.529 Thread 0x00007f697c0bc000  888       3       java.lang.ref.ReferenceQueue::reallyPoll (66 bytes)
Event: 12.530 Thread 0x00007f697c0bc000 nmethod 888 0x00007f696c7bcdd0 code [0x00007f696c7bcf60, 0x00007f696c7bd3f0]
Event: 12.531 Thread 0x00007f697c0ba800 nmethod 865 0x00007f696c7cd350 code [0x00007f696c7cdb80, 0x00007f696c7d4480]

GC Heap History (10 events):
Event: 8.928 GC heap after
Heap after GC invocations=9 (full 1):
 PSYoungGen      total 816640K, used 154100K [0x0000000755580000, 0x00000007a6980000, 0x00000007c0000000)
  eden space 662528K, 0% used [0x0000000755580000,0x0000000755580000,0x000000077dc80000)
  from space 154112K, 99% used [0x000000079d300000,0x00000007a697d120,0x00000007a6980000)
  to   space 297472K, 0% used [0x0000000782480000,0x0000000782480000,0x0000000794700000)
 ParOldGen       total 507904K, used 507437K [0x0000000680000000, 0x000000069f000000, 0x0000000755580000)
  object space 507904K, 99% used [0x0000000680000000,0x000000069ef8b688,0x000000069f000000)
 Metaspace       used 5711K, capacity 5870K, committed 6144K, reserved 1056768K
  class space    used 625K, capacity 699K, committed 768K, reserved 1048576K
}
Event: 8.928 GC heap before
{Heap before GC invocations=10 (full 2):
 PSYoungGen      total 816640K, used 154100K [0x0000000755580000, 0x00000007a6980000, 0x00000007c0000000)
  eden space 662528K, 0% used [0x0000000755580000,0x0000000755580000,0x000000077dc80000)
  from space 154112K, 99% used [0x000000079d300000,0x00000007a697d120,0x00000007a6980000)
  to   space 297472K, 0% used [0x0000000782480000,0x0000000782480000,0x0000000794700000)
 ParOldGen       total 507904K, used 507437K [0x0000000680000000, 0x000000069f000000, 0x0000000755580000)
  object space 507904K, 99% used [0x0000000680000000,0x000000069ef8b688,0x000000069f000000)
 Metaspace       used 5711K, capacity 5870K, committed 6144K, reserved 1056768K
  class space    used 625K, capacity 699K, committed 768K, reserved 1048576K
Event: 12.503 GC heap after
Heap after GC invocations=10 (full 2):
 PSYoungGen      total 816640K, used 152439K [0x0000000755580000, 0x00000007a6980000, 0x00000007c0000000)
  eden space 662528K, 0% used [0x0000000755580000,0x0000000755580000,0x000000077dc80000)
  from space 154112K, 98% used [0x000000079d300000,0x00000007a67dde50,0x00000007a6980000)
  to   space 297472K, 0% used [0x0000000782480000,0x0000000782480000,0x0000000794700000)
 ParOldGen       total 905728K, used 507551K [0x0000000680000000, 0x00000006b7480000, 0x0000000755580000)
  object space 905728K, 56% used [0x0000000680000000,0x000000069efa7f00,0x00000006b7480000)
 Metaspace       used 5711K, capacity 5870K, committed 6144K, reserved 1056768K
  class space    used 625K, capacity 699K, committed 768K, reserved 1048576K
}
Event: 12.910 GC heap before
{Heap before GC invocations=11 (full 2):
 PSYoungGen      total 816640K, used 814967K [0x0000000755580000, 0x00000007a6980000, 0x00000007c0000000)
  eden space 662528K, 100% used [0x0000000755580000,0x000000077dc80000,0x000000077dc80000)
  from space 154112K, 98% used [0x000000079d300000,0x00000007a67dde50,0x00000007a6980000)
  to   space 297472K, 0% used [0x0000000782480000,0x0000000782480000,0x0000000794700000)
 ParOldGen       total 905728K, used 507551K [0x0000000680000000, 0x00000006b7480000, 0x0000000755580000)
  object space 905728K, 56% used [0x0000000680000000,0x000000069efa7f00,0x00000006b7480000)
 Metaspace       used 5713K, capacity 5870K, committed 6144K, reserved 1056768K
  class space    used 625K, capacity 699K, committed 768K, reserved 1048576K
Event: 14.217 GC heap after
Heap after GC invocations=11 (full 2):
 PSYoungGen      total 1033728K, used 297463K [0x0000000755580000, 0x00000007bf700000, 0x00000007c0000000)
  eden space 736256K, 0% used [0x0000000755580000,0x0000000755580000,0x0000000782480000)
  from space 297472K, 99% used [0x0000000782480000,0x00000007946fdea0,0x0000000794700000)
  to   space 485376K, 0% used [0x00000007a1d00000,0x00000007a1d00000,0x00000007bf700000)
 ParOldGen       total 905728K, used 826287K [0x0000000680000000, 0x00000006b7480000, 0x0000000755580000)
  object space 905728K, 91% used [0x0000000680000000,0x00000006b26ebf10,0x00000006b7480000)
 Metaspace       used 5713K, capacity 5870K, committed 6144K, reserved 1056768K
  class space    used 625K, capacity 699K, committed 768K, reserved 1048576K
}
Event: 14.217 GC heap before
{Heap before GC invocations=12 (full 3):
 PSYoungGen      total 1033728K, used 297463K [0x0000000755580000, 0x00000007bf700000, 0x00000007c0000000)
  eden space 736256K, 0% used [0x0000000755580000,0x0000000755580000,0x0000000782480000)
  from space 297472K, 99% used [0x0000000782480000,0x00000007946fdea0,0x0000000794700000)
  to   space 485376K, 0% used [0x00000007a1d00000,0x00000007a1d00000,0x00000007bf700000)
 ParOldGen       total 905728K, used 826287K [0x0000000680000000, 0x00000006b7480000, 0x0000000755580000)
  object space 905728K, 91% used [0x0000000680000000,0x00000006b26ebf10,0x00000006b7480000)
 Metaspace       used 5713K, capacity 5870K, committed 6144K, reserved 1056768K
  class space    used 625K, capacity 699K, committed 768K, reserved 1048576K
Event: 19.516 GC heap after
Heap after GC invocations=12 (full 3):
 PSYoungGen      total 1033728K, used 216860K [0x0000000755580000, 0x00000007bf700000, 0x00000007c0000000)
  eden space 736256K, 0% used [0x0000000755580000,0x0000000755580000,0x0000000782480000)
  from space 297472K, 72% used [0x0000000782480000,0x000000078f847100,0x0000000794700000)
  to   space 485376K, 0% used [0x00000007a1d00000,0x00000007a1d00000,0x00000007bf700000)
 ParOldGen       total 1479680K, used 905280K [0x0000000680000000, 0x00000006da500000, 0x0000000755580000)
  object space 1479680K, 61% used [0x0000000680000000,0x00000006b7410080,0x00000006da500000)
 Metaspace       used 5713K, capacity 5870K, committed 6144K, reserved 1056768K
  class space    used 625K, capacity 699K, committed 768K, reserved 1048576K
}
Event: 20.175 GC heap before
{Heap before GC invocations=13 (full 3):
 PSYoungGen      total 1033728K, used 953116K [0x0000000755580000, 0x00000007bf700000, 0x00000007c0000000)
  eden space 736256K, 100% used [0x0000000755580000,0x0000000782480000,0x0000000782480000)
  from space 297472K, 72% used [0x0000000782480000,0x000000078f847100,0x0000000794700000)
  to   space 485376K, 0% used [0x00000007a1d00000,0x00000007a1d00000,0x00000007bf700000)
 ParOldGen       total 1479680K, used 905280K [0x0000000680000000, 0x00000006da500000, 0x0000000755580000)
  object space 1479680K, 61% used [0x0000000680000000,0x00000006b7410080,0x00000006da500000)
 Metaspace       used 5713K, capacity 5870K, committed 6144K, reserved 1056768K
  class space    used 625K, capacity 699K, committed 768K, reserved 1048576K
Event: 37.138 GC heap after
Heap after GC invocations=13 (full 3):
 PSYoungGen      total 1068544K, used 485356K [0x0000000755580000, 0x00000007c0000000, 0x00000007c0000000)
  eden space 583168K, 0% used [0x0000000755580000,0x0000000755580000,0x0000000778f00000)
  from space 485376K, 99% used [0x00000007a1d00000,0x00000007bf6fb010,0x00000007bf700000)
  to   space 582144K, 0% used [0x0000000778f00000,0x0000000778f00000,0x000000079c780000)
 ParOldGen       total 1479680K, used 1157477K [0x0000000680000000, 0x00000006da500000, 0x0000000755580000)
  object space 1479680K, 78% used [0x0000000680000000,0x00000006c6a59728,0x00000006da500000)
 Metaspace       used 5713K, capacity 5870K, committed 6144K, reserved 1056768K
  class space    used 625K, capacity 699K, committed 768K, reserved 1048576K
}
Event: 37.138 GC heap before
{Heap before GC invocations=14 (full 4):
 PSYoungGen      total 1068544K, used 485356K [0x0000000755580000, 0x00000007c0000000, 0x00000007c0000000)
  eden space 583168K, 0% used [0x0000000755580000,0x0000000755580000,0x0000000778f00000)
  from space 485376K, 99% used [0x00000007a1d00000,0x00000007bf6fb010,0x00000007bf700000)
  to   space 582144K, 0% used [0x0000000778f00000,0x0000000778f00000,0x000000079c780000)
 ParOldGen       total 1479680K, used 1157477K [0x0000000680000000, 0x00000006da500000, 0x0000000755580000)
  object space 1479680K, 78% used [0x0000000680000000,0x00000006c6a59728,0x00000006da500000)
 Metaspace       used 5713K, capacity 5870K, committed 6144K, reserved 1056768K
  class space    used 625K, capacity 699K, committed 768K, reserved 1048576K

Deoptimization events (10 events):
Event: 7.449 Thread 0x00007f697c00b000 Uncommon trap: reason=null_check action=make_not_entrant pc=0x00007f696c714704 method=com.google.gson.JsonObject.get(Ljava/lang/String;)Lcom/google/gson/JsonElement; @ 8
Event: 7.473 Thread 0x00007f697c00b000 Uncommon trap: reason=unstable_if action=reinterpret pc=0x00007f696c5c0978 method=java.lang.Long.getChars(JI[C)V @ 24
Event: 7.610 Thread 0x00007f697c00b000 Uncommon trap: reason=unstable_if action=reinterpret pc=0x00007f696c7643dc method=catboost.deserializer.jsondeserializer.CTRDataDeserializer.deserilize(Lcom/google/gson/JsonObject;ILjava/util/Map;)Ljava/util/Map; @ 180
Event: 7.679 Thread 0x00007f697c00b000 Uncommon trap: reason=class_check action=maybe_recompile pc=0x00007f696c68f224 method=java.util.HashMap.putVal(ILjava/lang/Object;Ljava/lang/Object;ZZ)Ljava/lang/Object; @ 203
Event: 7.698 Thread 0x00007f697c00b000 Uncommon trap: reason=bimorphic action=maybe_recompile pc=0x00007f696c7021f4 method=java.util.HashMap.getNode(ILjava/lang/Object;)Ljava/util/HashMap$Node; @ 126
Event: 7.699 Thread 0x00007f697c00b000 Uncommon trap: reason=bimorphic action=maybe_recompile pc=0x00007f696c7021f4 method=java.util.HashMap.getNode(ILjava/lang/Object;)Ljava/util/HashMap$Node; @ 126
Event: 7.699 Thread 0x00007f697c00b000 Uncommon trap: reason=bimorphic action=maybe_recompile pc=0x00007f696c7021f4 method=java.util.HashMap.getNode(ILjava/lang/Object;)Ljava/util/HashMap$Node; @ 126
Event: 7.699 Thread 0x00007f697c00b000 Uncommon trap: reason=bimorphic action=maybe_recompile pc=0x00007f696c7021f4 method=java.util.HashMap.getNode(ILjava/lang/Object;)Ljava/util/HashMap$Node; @ 126
Event: 7.700 Thread 0x00007f697c00b000 Uncommon trap: reason=bimorphic action=maybe_recompile pc=0x00007f696c6befbc method=java.util.HashMap.getNode(ILjava/lang/Object;)Ljava/util/HashMap$Node; @ 126
Event: 7.776 Thread 0x00007f697c00b000 Uncommon trap: reason=unstable_if action=reinterpret pc=0x00007f696c52289c method=java.util.ArrayList.grow(I)V @ 15

Internal exceptions (9 events):
Event: 0.068 Thread 0x00007f697c00b000 Exception <a 'java/lang/NoSuchMethodError': Method sun.misc.Unsafe.defineClass(Ljava/lang/String;[BII)Ljava/lang/Class; name or signature does not match> (0x0000000755592a50) thrown at [/HUDSON/workspace/8-2-build-linux-amd64/jdk8u71/5731/hotspot/src/shar
Event: 0.069 Thread 0x00007f697c00b000 Exception <a 'java/lang/NoSuchMethodError': Method sun.misc.Unsafe.prefetchRead(Ljava/lang/Object;J)V name or signature does not match> (0x0000000755592d38) thrown at [/HUDSON/workspace/8-2-build-linux-amd64/jdk8u71/5731/hotspot/src/share/vm/prims/jni.cpp
Event: 2.269 Thread 0x00007f697c00b000 Exception <a 'java/lang/ArrayIndexOutOfBoundsException': 18> (0x0000000761ca2708) thrown at [/HUDSON/workspace/8-2-build-linux-amd64/jdk8u71/5731/hotspot/src/share/vm/interpreter/interpreterRuntime.cpp, line 366]
Event: 2.270 Thread 0x00007f697c00b000 Exception <a 'java/lang/ArrayIndexOutOfBoundsException': 55> (0x0000000761ca3478) thrown at [/HUDSON/workspace/8-2-build-linux-amd64/jdk8u71/5731/hotspot/src/share/vm/interpreter/interpreterRuntime.cpp, line 366]
Event: 2.270 Thread 0x00007f697c00b000 Exception <a 'java/lang/ArrayIndexOutOfBoundsException': 40> (0x0000000761ca4360) thrown at [/HUDSON/workspace/8-2-build-linux-amd64/jdk8u71/5731/hotspot/src/share/vm/interpreter/interpreterRuntime.cpp, line 366]
Event: 6.953 Thread 0x00007f697c00b000 Exception <a 'java/lang/ArrayIndexOutOfBoundsException'> (0x0000000759f88300) thrown at [/HUDSON/workspace/8-2-build-linux-amd64/jdk8u71/5731/hotspot/src/share/vm/runtime/sharedRuntime.cpp, line 605]
Event: 6.964 Thread 0x00007f697c00b000 Exception <a 'java/lang/ArrayIndexOutOfBoundsException'> (0x0000000759fb3428) thrown at [/HUDSON/workspace/8-2-build-linux-amd64/jdk8u71/5731/hotspot/src/share/vm/runtime/sharedRuntime.cpp, line 605]
Event: 7.423 Thread 0x00007f697c00b000 Exception <a 'java/lang/NoSuchFieldError': method resolution failed> (0x000000075fd1a0f8) thrown at [/HUDSON/workspace/8-2-build-linux-amd64/jdk8u71/5731/hotspot/src/share/vm/prims/methodHandles.cpp, line 1146]
Event: 7.425 Thread 0x00007f697c00b000 Exception <a 'java/lang/NoSuchFieldError': method resolution failed> (0x000000075fd27600) thrown at [/HUDSON/workspace/8-2-build-linux-amd64/jdk8u71/5731/hotspot/src/share/vm/prims/methodHandles.cpp, line 1146]

Events (10 events):
Event: 12.529 Executing VM operation: RevokeBias done
Event: 12.529 Executing VM operation: RevokeBias
Event: 12.529 Executing VM operation: RevokeBias done
Event: 12.529 Executing VM operation: RevokeBias
Event: 12.529 Executing VM operation: RevokeBias done
Event: 12.529 Executing VM operation: BulkRevokeBias
Event: 12.529 Executing VM operation: BulkRevokeBias done
Event: 12.910 Executing VM operation: ParallelGCFailedAllocation
Event: 19.517 Executing VM operation: ParallelGCFailedAllocation done
Event: 20.175 Executing VM operation: ParallelGCFailedAllocation


Dynamic libraries:
00400000-00401000 r-xp 00000000 08:02 21366759                           /home/paras.mal/Documents/jdk1.8.0_11/bin/java
00600000-00601000 rw-p 00000000 08:02 21366759                           /home/paras.mal/Documents/jdk1.8.0_11/bin/java
01f34000-01f55000 rw-p 00000000 00:00 0                                  [heap]
680000000-6da500000 rw-p 00000000 00:00 0 
706280000-755580000 ---p 00000000 00:00 0 
755580000-7c0000000 rw-p 00000000 00:00 0 
7c0000000-7c00c0000 rw-p 00000000 00:00 0 
7c00c0000-800000000 ---p 00000000 00:00 0 
7f6920000000-7f6920021000 rw-p 00000000 00:00 0 
7f6920021000-7f6924000000 ---p 00000000 00:00 0 
7f6928000000-7f6928021000 rw-p 00000000 00:00 0 
7f6928021000-7f692c000000 ---p 00000000 00:00 0 
7f692c000000-7f692c021000 rw-p 00000000 00:00 0 
7f692c021000-7f6930000000 ---p 00000000 00:00 0 
7f6930000000-7f6931376000 rw-p 00000000 00:00 0 
7f6931376000-7f6934000000 ---p 00000000 00:00 0 
7f6934000000-7f69344c4000 rw-p 00000000 00:00 0 
7f69344c4000-7f6938000000 ---p 00000000 00:00 0 
7f6938000000-7f6938021000 rw-p 00000000 00:00 0 
7f6938021000-7f693c000000 ---p 00000000 00:00 0 
7f693c000000-7f693d79f000 rw-p 00000000 00:00 0 
7f693d79f000-7f6940000000 ---p 00000000 00:00 0 
7f6940000000-7f6940021000 rw-p 00000000 00:00 0 
7f6940021000-7f6944000000 ---p 00000000 00:00 0 
7f6944000000-7f6944021000 rw-p 00000000 00:00 0 
7f6944021000-7f6948000000 ---p 00000000 00:00 0 
7f6948000000-7f6948021000 rw-p 00000000 00:00 0 
7f6948021000-7f694c000000 ---p 00000000 00:00 0 
7f694c000000-7f694c28e000 rw-p 00000000 00:00 0 
7f694c28e000-7f6950000000 ---p 00000000 00:00 0 
7f6950000000-7f69501bf000 rw-p 00000000 00:00 0 
7f69501bf000-7f6954000000 ---p 00000000 00:00 0 
7f6954000000-7f6954021000 rw-p 00000000 00:00 0 
7f6954021000-7f6958000000 ---p 00000000 00:00 0 
7f6958000000-7f6958021000 rw-p 00000000 00:00 0 
7f6958021000-7f695c000000 ---p 00000000 00:00 0 
7f695cfb4000-7f695cfe5000 rw-p 00000000 00:00 0 
7f695cfe5000-7f695cffb000 r-xp 00000000 08:02 21365118                   /home/paras.mal/Documents/jdk1.8.0_11/jre/lib/amd64/libnet.so
7f695cffb000-7f695d1fb000 ---p 00016000 08:02 21365118                   /home/paras.mal/Documents/jdk1.8.0_11/jre/lib/amd64/libnet.so
7f695d1fb000-7f695d1fc000 rw-p 00016000 08:02 21365118                   /home/paras.mal/Documents/jdk1.8.0_11/jre/lib/amd64/libnet.so
7f695d1fc000-7f695d1ff000 ---p 00000000 00:00 0 
7f695d1ff000-7f695d2fd000 rw-p 00000000 00:00 0 
7f695d2fd000-7f695d2fe000 r-xp 00000000 08:02 23866522                   /home/paras.mal/Downloads/ideaIU-14.1.7/idea-IU-141.3058.30/bin/libbreakgen64.so
7f695d2fe000-7f695d4fd000 ---p 00001000 08:02 23866522                   /home/paras.mal/Downloads/ideaIU-14.1.7/idea-IU-141.3058.30/bin/libbreakgen64.so
7f695d4fd000-7f695d4fe000 r--p 00000000 08:02 23866522                   /home/paras.mal/Downloads/ideaIU-14.1.7/idea-IU-141.3058.30/bin/libbreakgen64.so
7f695d4fe000-7f695d4ff000 rw-p 00001000 08:02 23866522                   /home/paras.mal/Downloads/ideaIU-14.1.7/idea-IU-141.3058.30/bin/libbreakgen64.so
7f695d4ff000-7f695d501000 r--s 00016000 08:02 26479694                   /home/paras.mal/Downloads/ideaIU-14.1.7/idea-IU-141.3058.30/lib/idea_rt.jar
7f695d501000-7f695d506000 r--s 00034000 08:02 27528824                   /home/paras.mal/.m2/repository/com/google/code/gson/gson/2.7/gson-2.7.jar
7f695d506000-7f695d509000 r--s 0001a000 08:02 21365086                   /home/paras.mal/Documents/jdk1.8.0_11/jre/lib/jce.jar
7f695d509000-7f695d50f000 r--s 002f8000 08:02 21364967                   /home/paras.mal/Documents/jdk1.8.0_11/jre/lib/charsets.jar
7f695d50f000-7f695d522000 r--s 000d6000 08:02 21364947                   /home/paras.mal/Documents/jdk1.8.0_11/jre/lib/plugin.jar
7f695d522000-7f695d534000 r--s 00345000 08:02 21364978                   /home/paras.mal/Documents/jdk1.8.0_11/jre/lib/resources.jar
7f695d534000-7f695d54f000 r--s 00207000 08:02 21364994                   /home/paras.mal/Documents/jdk1.8.0_11/jre/lib/deploy.jar
7f695d54f000-7f695d550000 ---p 00000000 00:00 0 
7f695d550000-7f695d650000 rw-p 00000000 00:00 0 
7f695d650000-7f695d653000 ---p 00000000 00:00 0 
7f695d653000-7f695d751000 rw-p 00000000 00:00 0 
7f695d751000-7f695d752000 ---p 00000000 00:00 0 
7f695d752000-7f695d755000 ---p 00000000 00:00 0 
7f695d755000-7f695d852000 rw-p 00000000 00:00 0 
7f695d852000-7f695d853000 ---p 00000000 00:00 0 
7f695d853000-7f695d856000 ---p 00000000 00:00 0 
7f695d856000-7f695d953000 rw-p 00000000 00:00 0 
7f695d953000-7f695d954000 ---p 00000000 00:00 0 
7f695d954000-7f695d957000 ---p 00000000 00:00 0 
7f695d957000-7f695da54000 rw-p 00000000 00:00 0 
7f695da54000-7f695da57000 ---p 00000000 00:00 0 
7f695da57000-7f695db55000 rw-p 00000000 00:00 0 
7f695db55000-7f695e524000 r--p 00000000 08:02 16521838                   /usr/lib/locale/locale-archive
7f695e524000-7f695e527000 ---p 00000000 00:00 0 
7f695e527000-7f695e625000 rw-p 00000000 00:00 0 
7f695e625000-7f695e628000 ---p 00000000 00:00 0 
7f695e628000-7f695e726000 rw-p 00000000 00:00 0 
7f695e726000-7f695e727000 ---p 00000000 00:00 0 
7f695e727000-7f695f7ba000 rw-p 00000000 00:00 0 
7f695f7ba000-7f695f992000 r--s 03d23000 08:02 21365092                   /home/paras.mal/Documents/jdk1.8.0_11/jre/lib/rt.jar
7f695f992000-7f695ff48000 rw-p 00000000 00:00 0 
7f695ff48000-7f6960208000 ---p 00000000 00:00 0 
7f6960208000-7f696ac08000 rw-p 00000000 00:00 0 
7f696ac08000-7f696ac09000 ---p 00000000 00:00 0 
7f696ac09000-7f696ad09000 rw-p 00000000 00:00 0 
7f696ad09000-7f696ad0a000 ---p 00000000 00:00 0 
7f696ad0a000-7f696ae0a000 rw-p 00000000 00:00 0 
7f696ae0a000-7f696ae0b000 ---p 00000000 00:00 0 
7f696ae0b000-7f696b1de000 rw-p 00000000 00:00 0 
7f696b1de000-7f696b5b6000 ---p 00000000 00:00 0 
7f696b5b6000-7f696b889000 rw-p 00000000 00:00 0 
7f696b889000-7f696bc60000 ---p 00000000 00:00 0 
7f696bc60000-7f696bfb6000 rw-p 00000000 00:00 0 
7f696bfb6000-7f696bfc9000 rw-p 00000000 00:00 0 
7f696bfc9000-7f696c377000 ---p 00000000 00:00 0 
7f696c377000-7f696c7e7000 rwxp 00000000 00:00 0 
7f696c7e7000-7f697b377000 ---p 00000000 00:00 0 
7f697b377000-7f697b391000 r-xp 00000000 08:02 21365120                   /home/paras.mal/Documents/jdk1.8.0_11/jre/lib/amd64/libzip.so
7f697b391000-7f697b591000 ---p 0001a000 08:02 21365120                   /home/paras.mal/Documents/jdk1.8.0_11/jre/lib/amd64/libzip.so
7f697b591000-7f697b592000 rw-p 0001a000 08:02 21365120                   /home/paras.mal/Documents/jdk1.8.0_11/jre/lib/amd64/libzip.so
7f697b592000-7f697b59d000 r-xp 00000000 08:02 4723428                    /lib/x86_64-linux-gnu/libnss_files-2.27.so
7f697b59d000-7f697b79c000 ---p 0000b000 08:02 4723428                    /lib/x86_64-linux-gnu/libnss_files-2.27.so
7f697b79c000-7f697b79d000 r--p 0000a000 08:02 4723428                    /lib/x86_64-linux-gnu/libnss_files-2.27.so
7f697b79d000-7f697b79e000 rw-p 0000b000 08:02 4723428                    /lib/x86_64-linux-gnu/libnss_files-2.27.so
7f697b79e000-7f697b7a4000 rw-p 00000000 00:00 0 
7f697b7a4000-7f697b7bb000 r-xp 00000000 08:02 4723422                    /lib/x86_64-linux-gnu/libnsl-2.27.so
7f697b7bb000-7f697b9ba000 ---p 00017000 08:02 4723422                    /lib/x86_64-linux-gnu/libnsl-2.27.so
7f697b9ba000-7f697b9bb000 r--p 00016000 08:02 4723422                    /lib/x86_64-linux-gnu/libnsl-2.27.so
7f697b9bb000-7f697b9bc000 rw-p 00017000 08:02 4723422                    /lib/x86_64-linux-gnu/libnsl-2.27.so
7f697b9bc000-7f697b9be000 rw-p 00000000 00:00 0 
7f697b9be000-7f697b9c9000 r-xp 00000000 08:02 4723439                    /lib/x86_64-linux-gnu/libnss_nis-2.27.so
7f697b9c9000-7f697bbc8000 ---p 0000b000 08:02 4723439                    /lib/x86_64-linux-gnu/libnss_nis-2.27.so
7f697bbc8000-7f697bbc9000 r--p 0000a000 08:02 4723439                    /lib/x86_64-linux-gnu/libnss_nis-2.27.so
7f697bbc9000-7f697bbca000 rw-p 0000b000 08:02 4723439                    /lib/x86_64-linux-gnu/libnss_nis-2.27.so
7f697bbca000-7f697bbd2000 r-xp 00000000 08:02 4723424                    /lib/x86_64-linux-gnu/libnss_compat-2.27.so
7f697bbd2000-7f697bdd2000 ---p 00008000 08:02 4723424                    /lib/x86_64-linux-gnu/libnss_compat-2.27.so
7f697bdd2000-7f697bdd3000 r--p 00008000 08:02 4723424                    /lib/x86_64-linux-gnu/libnss_compat-2.27.so
7f697bdd3000-7f697bdd4000 rw-p 00009000 08:02 4723424                    /lib/x86_64-linux-gnu/libnss_compat-2.27.so
7f697bdd4000-7f697bdfe000 r-xp 00000000 08:02 21365137                   /home/paras.mal/Documents/jdk1.8.0_11/jre/lib/amd64/libjava.so
7f697bdfe000-7f697bffe000 ---p 0002a000 08:02 21365137                   /home/paras.mal/Documents/jdk1.8.0_11/jre/lib/amd64/libjava.so
7f697bffe000-7f697c000000 rw-p 0002a000 08:02 21365137                   /home/paras.mal/Documents/jdk1.8.0_11/jre/lib/amd64/libjava.so
7f697c000000-7f697c3d7000 rw-p 00000000 00:00 0 
7f697c3d7000-7f6980000000 ---p 00000000 00:00 0 
7f6980000000-7f698007c000 rw-p 00000000 00:00 0 
7f698007c000-7f698007d000 ---p 00000000 00:00 0 
7f698007d000-7f698017d000 rw-p 00000000 00:00 0 
7f698017d000-7f698018a000 r-xp 00000000 08:02 21365165                   /home/paras.mal/Documents/jdk1.8.0_11/jre/lib/amd64/libverify.so
7f698018a000-7f698038a000 ---p 0000d000 08:02 21365165                   /home/paras.mal/Documents/jdk1.8.0_11/jre/lib/amd64/libverify.so
7f698038a000-7f698038c000 rw-p 0000d000 08:02 21365165                   /home/paras.mal/Documents/jdk1.8.0_11/jre/lib/amd64/libverify.so
7f698038c000-7f6980393000 r-xp 00000000 08:02 4723479                    /lib/x86_64-linux-gnu/librt-2.27.so
7f6980393000-7f6980592000 ---p 00007000 08:02 4723479                    /lib/x86_64-linux-gnu/librt-2.27.so
7f6980592000-7f6980593000 r--p 00006000 08:02 4723479                    /lib/x86_64-linux-gnu/librt-2.27.so
7f6980593000-7f6980594000 rw-p 00007000 08:02 4723479                    /lib/x86_64-linux-gnu/librt-2.27.so
7f6980594000-7f6980731000 r-xp 00000000 08:02 4723401                    /lib/x86_64-linux-gnu/libm-2.27.so
7f6980731000-7f6980930000 ---p 0019d000 08:02 4723401                    /lib/x86_64-linux-gnu/libm-2.27.so
7f6980930000-7f6980931000 r--p 0019c000 08:02 4723401                    /lib/x86_64-linux-gnu/libm-2.27.so
7f6980931000-7f6980932000 rw-p 0019d000 08:02 4723401                    /lib/x86_64-linux-gnu/libm-2.27.so
7f6980932000-7f69815f1000 r-xp 00000000 08:02 21365131                   /home/paras.mal/Documents/jdk1.8.0_11/jre/lib/amd64/server/libjvm.so
7f69815f1000-7f69817f0000 ---p 00cbf000 08:02 21365131                   /home/paras.mal/Documents/jdk1.8.0_11/jre/lib/amd64/server/libjvm.so
7f69817f0000-7f69818c9000 rw-p 00cbe000 08:02 21365131                   /home/paras.mal/Documents/jdk1.8.0_11/jre/lib/amd64/server/libjvm.so
7f69818c9000-7f6981912000 rw-p 00000000 00:00 0 
7f6981912000-7f6981af9000 r-xp 00000000 08:02 4723338                    /lib/x86_64-linux-gnu/libc-2.27.so
7f6981af9000-7f6981cf9000 ---p 001e7000 08:02 4723338                    /lib/x86_64-linux-gnu/libc-2.27.so
7f6981cf9000-7f6981cfd000 r--p 001e7000 08:02 4723338                    /lib/x86_64-linux-gnu/libc-2.27.so
7f6981cfd000-7f6981cff000 rw-p 001eb000 08:02 4723338                    /lib/x86_64-linux-gnu/libc-2.27.so
7f6981cff000-7f6981d03000 rw-p 00000000 00:00 0 
7f6981d03000-7f6981d06000 r-xp 00000000 08:02 4723361                    /lib/x86_64-linux-gnu/libdl-2.27.so
7f6981d06000-7f6981f05000 ---p 00003000 08:02 4723361                    /lib/x86_64-linux-gnu/libdl-2.27.so
7f6981f05000-7f6981f06000 r--p 00002000 08:02 4723361                    /lib/x86_64-linux-gnu/libdl-2.27.so
7f6981f06000-7f6981f07000 rw-p 00003000 08:02 4723361                    /lib/x86_64-linux-gnu/libdl-2.27.so
7f6981f07000-7f6981f1c000 r-xp 00000000 08:02 21366021                   /home/paras.mal/Documents/jdk1.8.0_11/lib/amd64/jli/libjli.so
7f6981f1c000-7f698211c000 ---p 00015000 08:02 21366021                   /home/paras.mal/Documents/jdk1.8.0_11/lib/amd64/jli/libjli.so
7f698211c000-7f698211d000 rw-p 00015000 08:02 21366021                   /home/paras.mal/Documents/jdk1.8.0_11/lib/amd64/jli/libjli.so
7f698211d000-7f6982137000 r-xp 00000000 08:02 4723471                    /lib/x86_64-linux-gnu/libpthread-2.27.so
7f6982137000-7f6982336000 ---p 0001a000 08:02 4723471                    /lib/x86_64-linux-gnu/libpthread-2.27.so
7f6982336000-7f6982337000 r--p 00019000 08:02 4723471                    /lib/x86_64-linux-gnu/libpthread-2.27.so
7f6982337000-7f6982338000 rw-p 0001a000 08:02 4723471                    /lib/x86_64-linux-gnu/libpthread-2.27.so
7f6982338000-7f698233c000 rw-p 00000000 00:00 0 
7f698233c000-7f6982363000 r-xp 00000000 08:02 4723310                    /lib/x86_64-linux-gnu/ld-2.27.so
7f6982363000-7f6982365000 r--s 00007000 08:02 21364963                   /home/paras.mal/Documents/jdk1.8.0_11/jre/lib/jfxswt.jar
7f6982365000-7f6982369000 r--s 00097000 08:02 21364964                   /home/paras.mal/Documents/jdk1.8.0_11/jre/lib/jsse.jar
7f6982369000-7f6982444000 rw-p 00000000 00:00 0 
7f6982444000-7f6982445000 ---p 00000000 00:00 0 
7f6982445000-7f6982448000 ---p 00000000 00:00 0 
7f6982448000-7f6982547000 rw-p 00000000 00:00 0 
7f6982547000-7f6982551000 r--s 0006b000 08:02 21364999                   /home/paras.mal/Documents/jdk1.8.0_11/jre/lib/javaws.jar
7f6982551000-7f6982556000 r--s 00084000 08:02 21365106                   /home/paras.mal/Documents/jdk1.8.0_11/jre/lib/jfr.jar
7f6982556000-7f6982557000 r--s 00000000 08:02 21364998                   /home/paras.mal/Documents/jdk1.8.0_11/jre/lib/management-agent.jar
7f6982557000-7f698255f000 rw-s 00000000 08:02 8134294                    /tmp/hsperfdata_paras.mal/31257
7f698255f000-7f6982560000 rw-p 00000000 00:00 0 
7f6982560000-7f6982561000 ---p 00000000 00:00 0 
7f6982561000-7f6982563000 rw-p 00000000 00:00 0 
7f6982563000-7f6982564000 r--p 00027000 08:02 4723310                    /lib/x86_64-linux-gnu/ld-2.27.so
7f6982564000-7f6982565000 rw-p 00028000 08:02 4723310                    /lib/x86_64-linux-gnu/ld-2.27.so
7f6982565000-7f6982566000 rw-p 00000000 00:00 0 
7ffdcbb73000-7ffdcbb95000 rw-p 00000000 00:00 0                          [stack]
7ffdcbbec000-7ffdcbbef000 r--p 00000000 00:00 0                          [vvar]
7ffdcbbef000-7ffdcbbf1000 r-xp 00000000 00:00 0                          [vdso]
ffffffffff600000-ffffffffff601000 r-xp 00000000 00:00 0                  [vsyscall]

VM Arguments:
jvm_args: -Xmx5g -Didea.launcher.port=7532 -Didea.launcher.bin.path=/home/paras.mal/Downloads/ideaIU-14.1.7/idea-IU-141.3058.30/bin -Dfile.encoding=UTF-8 
java_command: com.intellij.rt.execution.application.AppMain model.reader.JsonReader
java_class_path (initial): /home/paras.mal/Documents/jdk1.8.0_11/jre/lib/deploy.jar:/home/paras.mal/Documents/jdk1.8.0_11/jre/lib/management-agent.jar:/home/paras.mal/Documents/jdk1.8.0_11/jre/lib/rt.jar:/home/paras.mal/Documents/jdk1.8.0_11/jre/lib/jfr.jar:/home/paras.mal/Documents/jdk1.8.0_11/jre/lib/resources.jar:/home/paras.mal/Documents/jdk1.8.0_11/jre/lib/plugin.jar:/home/paras.mal/Documents/jdk1.8.0_11/jre/lib/javaws.jar:/home/paras.mal/Documents/jdk1.8.0_11/jre/lib/jsse.jar:/home/paras.mal/Documents/jdk1.8.0_11/jre/lib/charsets.jar:/home/paras.mal/Documents/jdk1.8.0_11/jre/lib/jfxswt.jar:/home/paras.mal/Documents/jdk1.8.0_11/jre/lib/jce.jar:/home/paras.mal/Documents/jdk1.8.0_11/jre/lib/ext/dnsns.jar:/home/paras.mal/Documents/jdk1.8.0_11/jre/lib/ext/sunpkcs11.jar:/home/paras.mal/Documents/jdk1.8.0_11/jre/lib/ext/localedata.jar:/home/paras.mal/Documents/jdk1.8.0_11/jre/lib/ext/jaccess.jar:/home/paras.mal/Documents/jdk1.8.0_11/jre/lib/ext/sunjce_provider.jar:/home/paras.mal/Documents/jdk1.8.0_11/jre/lib/ext/nashorn.jar:/home/paras.mal/Documents/jdk1.8.0_11/jre/lib/ext/jfxrt.jar:/home/paras.mal/Documents/jdk1.8.0_11/jre/lib/ext/sunec.jar:/home/paras.mal/Documents/jdk1.8.0_11/jre/lib/ext/cldrdata.jar:/home/paras.mal/Documents/jdk1.8.0_11/jre/lib/ext/zipfs.jar:/home/paras.mal/Documents/office/catboost4j/target/classes:/home/paras.mal/.m2/repository/com/google/code/gson/gson/2.7/gson-2.7.jar:/home/paras.mal/Downloads/ideaIU-14.1.7/idea-IU-141.3058.30/lib/idea_rt.jar
Launcher Type: SUN_STANDARD

Environment Variables:
JAVA_HOME=/home/paras.mal/Documents/jdk1.8.0_11/
PATH=/home/paras.mal/.local/bin:/usr/local/sbin:/usr/local/bin:/usr/sbin:/usr/bin:/sbin:/bin:/usr/games:/usr/local/games:/snap/bin:/home/paras.mal/Downloads/ideaIU-14.1.7/idea-IU-141.3058.30/bin/:/home/paras.mal/Documents/jdk1.8.0_11/bin/
USERNAME=paras.mal
LD_LIBRARY_PATH=/home/paras.mal/Downloads/ideaIU-14.1.7/idea-IU-141.3058.30/bin:
SHELL=/bin/bash
DISPLAY=:0

Signal Handlers:
SIGSEGV: [libjvm.so+0xabafa0], sa_mask[0]=11111111011111111101111111111110, sa_flags=SA_RESTART|SA_SIGINFO
SIGBUS: [libjvm.so+0xabafa0], sa_mask[0]=11111111011111111101111111111110, sa_flags=SA_RESTART|SA_SIGINFO
SIGFPE: [libjvm.so+0x9183c0], sa_mask[0]=11111111011111111101111111111110, sa_flags=SA_RESTART|SA_SIGINFO
SIGPIPE: [libjvm.so+0x9183c0], sa_mask[0]=11111111011111111101111111111110, sa_flags=SA_RESTART|SA_SIGINFO
SIGXFSZ: [libjvm.so+0x9183c0], sa_mask[0]=11111111011111111101111111111110, sa_flags=SA_RESTART|SA_SIGINFO
SIGILL: [libjvm.so+0x9183c0], sa_mask[0]=11111111011111111101111111111110, sa_flags=SA_RESTART|SA_SIGINFO
SIGUSR1: SIG_DFL, sa_mask[0]=00000000000000000000000000000000, sa_flags=none
SIGUSR2: [libjvm.so+0x9199f0], sa_mask[0]=00100000000000000000000000000000, sa_flags=SA_RESTART|SA_SIGINFO
SIGHUP: [libjvm.so+0x91adf0], sa_mask[0]=11111111011111111101111111111110, sa_flags=SA_RESTART|SA_SIGINFO
SIGINT: [libjvm.so+0x91adf0], sa_mask[0]=11111111011111111101111111111110, sa_flags=SA_RESTART|SA_SIGINFO
SIGTERM: [libjvm.so+0x91adf0], sa_mask[0]=11111111011111111101111111111110, sa_flags=SA_RESTART|SA_SIGINFO
SIGQUIT: [libjvm.so+0x91adf0], sa_mask[0]=11111111011111111101111111111110, sa_flags=SA_RESTART|SA_SIGINFO


---------------  S Y S T E M  ---------------

OS:DISTRIB_ID=Ubuntu
DISTRIB_RELEASE=18.04
DISTRIB_CODENAME=bionic
DISTRIB_DESCRIPTION="Ubuntu 18.04.1 LTS"

uname:Linux 4.15.0-96-generic #97-Ubuntu SMP Wed Apr 1 03:25:46 UTC 2020 x86_64
libc:glibc 2.27 NPTL 2.27 
rlimit: STACK 8192k, CORE 0k, NPROC 63061, NOFILE 4096, AS infinity
load average:21.25 7.22 4.24

/proc/meminfo:
MemTotal:       16306456 kB
MemFree:          169552 kB
MemAvailable:     129640 kB
Buffers:            2660 kB
Cached:           773432 kB
SwapCached:        24984 kB
Active:         13627492 kB
Inactive:        1725604 kB
Active(anon):   13559944 kB
Inactive(anon):  1646596 kB
Active(file):      67548 kB
Inactive(file):    79008 kB
Unevictable:        1152 kB
Mlocked:            1152 kB
SwapTotal:       2097148 kB
SwapFree:              0 kB
Dirty:               132 kB
Writeback:             0 kB
AnonPages:      14553480 kB
Mapped:           616864 kB
Shmem:            629272 kB
Slab:             298268 kB
SReclaimable:     108232 kB
SUnreclaim:       190036 kB
KernelStack:       37008 kB
PageTables:       235456 kB
NFS_Unstable:          0 kB
Bounce:                0 kB
WritebackTmp:          0 kB
CommitLimit:    10250376 kB
Committed_AS:   42101632 kB
VmallocTotal:   34359738367 kB
VmallocUsed:           0 kB
VmallocChunk:          0 kB
HardwareCorrupted:     0 kB
AnonHugePages:         0 kB
ShmemHugePages:        0 kB
ShmemPmdMapped:        0 kB
CmaTotal:              0 kB
CmaFree:               0 kB
HugePages_Total:       0
HugePages_Free:        0
HugePages_Rsvd:        0
HugePages_Surp:        0
Hugepagesize:       2048 kB
DirectMap4k:      820752 kB
DirectMap2M:    15837184 kB
DirectMap1G:           0 kB


CPU:total 4 (2 cores per cpu, 2 threads per core) family 6 model 78 stepping 3, cmov, cx8, fxsr, mmx, sse, sse2, sse3, ssse3, sse4.1, sse4.2, popcnt, avx, avx2, aes, clmul, erms, 3dnowpref, lzcnt, ht, tsc, tscinvbit, bmi1, bmi2, adx

/proc/cpuinfo:
processor	: 0
vendor_id	: GenuineIntel
cpu family	: 6
model		: 78
model name	: Intel(R) Core(TM) i7-6500U CPU @ 2.50GHz
stepping	: 3
microcode	: 0xd6
cpu MHz		: 2732.191
cache size	: 4096 KB
physical id	: 0
siblings	: 4
core id		: 0
cpu cores	: 2
apicid		: 0
initial apicid	: 0
fpu		: yes
fpu_exception	: yes
cpuid level	: 22
wp		: yes
flags		: fpu vme de pse tsc msr pae mce cx8 apic sep mtrr pge mca cmov pat pse36 clflush dts acpi mmx fxsr sse sse2 ss ht tm pbe syscall nx pdpe1gb rdtscp lm constant_tsc art arch_perfmon pebs bts rep_good nopl xtopology nonstop_tsc cpuid aperfmperf tsc_known_freq pni pclmulqdq dtes64 monitor ds_cpl vmx est tm2 ssse3 sdbg fma cx16 xtpr pdcm pcid sse4_1 sse4_2 x2apic movbe popcnt tsc_deadline_timer aes xsave avx f16c rdrand lahf_lm abm 3dnowprefetch cpuid_fault epb invpcid_single pti ssbd ibrs ibpb stibp tpr_shadow vnmi flexpriority ept vpid fsgsbase tsc_adjust bmi1 avx2 smep bmi2 erms invpcid mpx rdseed adx smap clflushopt intel_pt xsaveopt xsavec xgetbv1 xsaves dtherm ida arat pln pts hwp hwp_notify hwp_act_window hwp_epp md_clear flush_l1d
bugs		: cpu_meltdown spectre_v1 spectre_v2 spec_store_bypass l1tf mds swapgs itlb_multihit
bogomips	: 5184.00
clflush size	: 64
cache_alignment	: 64
address sizes	: 39 bits physical, 48 bits virtual
power management:

processor	: 1
vendor_id	: GenuineIntel
cpu family	: 6
model		: 78
model name	: Intel(R) Core(TM) i7-6500U CPU @ 2.50GHz
stepping	: 3
microcode	: 0xd6
cpu MHz		: 2745.787
cache size	: 4096 KB
physical id	: 0
siblings	: 4
core id		: 1
cpu cores	: 2
apicid		: 2
initial apicid	: 2
fpu		: yes
fpu_exception	: yes
cpuid level	: 22
wp		: yes
flags		: fpu vme de pse tsc msr pae mce cx8 apic sep mtrr pge mca cmov pat pse36 clflush dts acpi mmx fxsr sse sse2 ss ht tm pbe syscall nx pdpe1gb rdtscp lm constant_tsc art arch_perfmon pebs bts rep_good nopl xtopology nonstop_tsc cpuid aperfmperf tsc_known_freq pni pclmulqdq dtes64 monitor ds_cpl vmx est tm2 ssse3 sdbg fma cx16 xtpr pdcm pcid sse4_1 sse4_2 x2apic movbe popcnt tsc_deadline_timer aes xsave avx f16c rdrand lahf_lm abm 3dnowprefetch cpuid_fault epb invpcid_single pti ssbd ibrs ibpb stibp tpr_shadow vnmi flexpriority ept vpid fsgsbase tsc_adjust bmi1 avx2 smep bmi2 erms invpcid mpx rdseed adx smap clflushopt intel_pt xsaveopt xsavec xgetbv1 xsaves dtherm ida arat pln pts hwp hwp_notify hwp_act_window hwp_epp md_clear flush_l1d
bugs		: cpu_meltdown spectre_v1 spectre_v2 spec_store_bypass l1tf mds swapgs itlb_multihit
bogomips	: 5184.00
clflush size	: 64
cache_alignment	: 64
address sizes	: 39 bits physical, 48 bits virtual
power management:

processor	: 2
vendor_id	: GenuineIntel
cpu family	: 6
model		: 78
model name	: Intel(R) Core(TM) i7-6500U CPU @ 2.50GHz
stepping	: 3
microcode	: 0xd6
cpu MHz		: 2738.436
cache size	: 4096 KB
physical id	: 0
siblings	: 4
core id		: 0
cpu cores	: 2
apicid		: 1
initial apicid	: 1
fpu		: yes
fpu_exception	: yes
cpuid level	: 22
wp		: yes
flags		: fpu vme de pse tsc msr pae mce cx8 apic sep mtrr pge mca cmov pat pse36 clflush dts acpi mmx fxsr sse sse2 ss ht tm pbe syscall nx pdpe1gb rdtscp lm constant_tsc art arch_perfmon pebs bts rep_good nopl xtopology nonstop_tsc cpuid aperfmperf tsc_known_freq pni pclmulqdq dtes64 monitor ds_cpl vmx est tm2 ssse3 sdbg fma cx16 xtpr pdcm pcid sse4_1 sse4_2 x2apic movbe popcnt tsc_deadline_timer aes xsave avx f16c rdrand lahf_lm abm 3dnowprefetch cpuid_fault epb invpcid_single pti ssbd ibrs ibpb stibp tpr_shadow vnmi flexpriority ept vpid fsgsbase tsc_adjust bmi1 avx2 smep bmi2 erms invpcid mpx rdseed adx smap clflushopt intel_pt xsaveopt xsavec xgetbv1 xsaves dtherm ida arat pln pts hwp hwp_notify hwp_act_window hwp_epp md_clear flush_l1d
bugs		: cpu_meltdown spectre_v1 spectre_v2 spec_store_bypass l1tf mds swapgs itlb_multihit
bogomips	: 5184.00
clflush size	: 64
cache_alignment	: 64
address sizes	: 39 bits physical, 48 bits virtual
power management:

processor	: 3
vendor_id	: GenuineIntel
cpu family	: 6
model		: 78
model name	: Intel(R) Core(TM) i7-6500U CPU @ 2.50GHz
stepping	: 3
microcode	: 0xd6
cpu MHz		: 2739.285
cache size	: 4096 KB
physical id	: 0
siblings	: 4
core id		: 1
cpu cores	: 2
apicid		: 3
initial apicid	: 3
fpu		: yes
fpu_exception	: yes
cpuid level	: 22
wp		: yes
flags		: fpu vme de pse tsc msr pae mce cx8 apic sep mtrr pge mca cmov pat pse36 clflush dts acpi mmx fxsr sse sse2 ss ht tm pbe syscall nx pdpe1gb rdtscp lm constant_tsc art arch_perfmon pebs bts rep_good nopl xtopology nonstop_tsc cpuid aperfmperf tsc_known_freq pni pclmulqdq dtes64 monitor ds_cpl vmx est tm2 ssse3 sdbg fma cx16 xtpr pdcm pcid sse4_1 sse4_2 x2apic movbe popcnt tsc_deadline_timer aes xsave avx f16c rdrand lahf_lm abm 3dnowprefetch cpuid_fault epb invpcid_single pti ssbd ibrs ibpb stibp tpr_shadow vnmi flexpriority ept vpid fsgsbase tsc_adjust bmi1 avx2 smep bmi2 erms invpcid mpx rdseed adx smap clflushopt intel_pt xsaveopt xsavec xgetbv1 xsaves dtherm ida arat pln pts hwp hwp_notify hwp_act_window hwp_epp md_clear flush_l1d
bugs		: cpu_meltdown spectre_v1 spectre_v2 spec_store_bypass l1tf mds swapgs itlb_multihit
bogomips	: 5184.00
clflush size	: 64
cache_alignment	: 64
address sizes	: 39 bits physical, 48 bits virtual
power management:



Memory: 4k page, physical 16306456k(165584k free), swap 2097148k(0k free)

vm_info: Java HotSpot(TM) 64-Bit Server VM (25.71-b15) for linux-amd64 JRE (1.8.0_71-b15), built on Dec 22 2015 18:21:33 by "java_re" with gcc 4.3.0 20080428 (Red Hat 4.3.0-8)

time: Tue Apr 14 22:24:44 2020
elapsed time: 45 seconds (0d 0h 0m 45s)

